<?xml version="1.0" encoding="UTF-8"?>
<testsuites name="Test 1" time="136.949" tests="7" failures="0" errors="0">
   <testsuite name="Test 1" tests="7" failures="0" errors="0" time="136.949" skipped="0" timestamp="2023-06-18 23:27:03" hostname="Lenovo - rup" id="Test Suites/Test 1">
      <properties>
         <property name="deviceName" value=""/>
         <property name="devicePlatform" value=""/>
         <property name="logFolder" value="C:\\Users\\Lenovo\\Katalon Studio\\Inventory Management System\\Reports\\20230618_232654\\Test 1\\20230618_232655"/>
         <property name="logFiles" value="C:\\Users\\Lenovo\\Katalon Studio\\Inventory Management System\\Reports\\20230618_232654\\Test 1\\20230618_232655\\execution0.log"/>
         <property name="attachments" value="C:\\Users\\Lenovo\\Katalon Studio\\Inventory Management System\\Reports\\20230618_232654\\Test 1\\20230618_232655\\1687105720040.png, C:\\Users\\Lenovo\\Katalon Studio\\Inventory Management System\\Reports\\20230618_232654\\Test 1\\20230618_232655\\1687105730228.png, C:\\Users\\Lenovo\\Katalon Studio\\Inventory Management System\\Reports\\20230618_232654\\Test 1\\20230618_232655\\1687105737842.png, C:\\Users\\Lenovo\\Katalon Studio\\Inventory Management System\\Reports\\20230618_232654\\Test 1\\20230618_232655\\1687105747897.png"/>
         <property name="hostName" value="Lenovo - rup"/>
         <property name="os" value="Windows 11 64bit"/>
         <property name="katalonVersion" value="8.6.5.208"/>
         <property name="browser" value="Chrome 114.0.0.0"/>
         <property name="hostAddress" value="192.168.100.123"/>
         <property name="sessionId" value="ff56ec66e775b9d2b52565e55bf6e864"/>
         <property name="seleniumVersion" value="3.141.59"/>
         <property name="proxyInformation" value="ProxyInformation { proxyOption=NO_PROXY, proxyServerType=HTTP, username=, password=********, proxyServerAddress=, proxyServerPort=0, executionList=&quot;&quot;, isApplyToDesiredCapabilities=true }"/>
         <property name="platform" value="Windows 11"/>
      </properties>
      <testcase name="Test Cases/Web App-Login berhasil" time="10.476" classname="Test Cases/Web App-Login berhasil" status="PASSED">
         <system-out><![CDATA[2023-06-18 23:27:03 - [TEST_CASE][PASSED] - Test Cases/Web App-Login berhasil: Test Cases/Web App-Login berhasil

2023-06-18 23:27:03 - [TEST_STEP][PASSED] - openBrowser(""): Browser is opened with url: ''

2023-06-18 23:27:03 - [MESSAGE][INFO] - Starting 'Chrome' driver

2023-06-18 23:27:03 - [MESSAGE][INFO] - Action delay is set to 0 milliseconds

2023-06-18 23:27:06 - [MESSAGE][PASSED] - Browser is opened with url: ''

2023-06-18 23:27:06 - [TEST_STEP][PASSED] - navigateToUrl("https://pegadaian.cloudias79.com/#/"): Navigate to 'https://pegadaian.cloudias79.com/#/' successfully

2023-06-18 23:27:07 - [MESSAGE][PASSED] - Navigate to 'https://pegadaian.cloudias79.com/#/' successfully

2023-06-18 23:27:07 - [TEST_STEP][PASSED] - maximizeWindow(): Current window maximized

2023-06-18 23:27:07 - [MESSAGE][PASSED] - Current window maximized

2023-06-18 23:27:07 - [TEST_STEP][PASSED] - setText(findTestObject("Page_RFID - Inventory Management System/input_Login_username"), "P29901"): Text 'P29901' is set on object 'Object Repository/Page_RFID - Inventory Management System/input_Login_username'

2023-06-18 23:27:07 - [MESSAGE][PASSED] - Text 'P29901' is set on object 'Object Repository/Page_RFID - Inventory Management System/input_Login_username'

2023-06-18 23:27:07 - [TEST_STEP][PASSED] - setEncryptedText(findTestObject("Page_RFID - Inventory Management System/input_Login_password"), "YFZfyx+NhJE="): Text ****** has been set on object 'Object Repository/Page_RFID - Inventory Management System/input_Login_password'

2023-06-18 23:27:08 - [MESSAGE][PASSED] - Text ****** has been set on object 'Object Repository/Page_RFID - Inventory Management System/input_Login_password'

2023-06-18 23:27:08 - [TEST_STEP][PASSED] - click(findTestObject("Object Repository/Page_RFID - Inventory Management System/button_Login")): Object: 'Object Repository/Page_RFID - Inventory Management System/button_Login' is clicked on

2023-06-18 23:27:09 - [MESSAGE][PASSED] - Object: 'Object Repository/Page_RFID - Inventory Management System/button_Login' is clicked on

2023-06-18 23:27:09 - [TEST_STEP][PASSED] - waitForElementVisible(findTestObject("Object Repository/Page_RFID - Inventory Management System/h4_Inventory Management System"), 5): Object 'Object Repository/Page_RFID - Inventory Management System/h4_Inventory Management System' is visible

2023-06-18 23:27:14 - [MESSAGE][PASSED] - Object 'Object Repository/Page_RFID - Inventory Management System/h4_Inventory Management System' is visible]]></system-out>
         <system-err><![CDATA[]]></system-err>
      </testcase>
      <testcase name="Test Cases/Web App-Melihat detail data inventory" time="14.286" classname="Test Cases/Web App-Melihat detail data inventory" status="PASSED">
         <system-out><![CDATA[2023-06-18 23:27:14 - [TEST_CASE][PASSED] - Test Cases/Web App-Melihat detail data inventory: Test Cases/Web App-Melihat detail data inventory

2023-06-18 23:27:14 - [TEST_STEP][PASSED] - callTestCase(findTestCase("Web App-Melihat Halaman Inventory"), [:], STOP_ON_FAILURE): Call Test Case 'Test Cases/Web App-Melihat Halaman Inventory' successfully

2023-06-18 23:27:15 - [TEST_CASE][PASSED] - Test Cases/Web App-Melihat Halaman Inventory: Test Cases/Web App-Melihat Halaman Inventory

2023-06-18 23:27:16 - [TEST_STEP][PASSED] - callTestCase(findTestCase("Web App-Login berhasil"), [:], STOP_ON_FAILURE): Call Test Case 'Test Cases/Web App-Login berhasil' successfully

2023-06-18 23:27:16 - [TEST_CASE][PASSED] - Test Cases/Web App-Login berhasil: Test Cases/Web App-Login berhasil

2023-06-18 23:27:16 - [TEST_STEP][PASSED] - openBrowser(""): Browser is opened with url: ''

2023-06-18 23:27:16 - [MESSAGE][WARNING] - A browser is already opened. Closing browser and opening a new one

2023-06-18 23:27:17 - [MESSAGE][INFO] - Starting 'Chrome' driver

2023-06-18 23:27:17 - [MESSAGE][INFO] - Action delay is set to 0 milliseconds

2023-06-18 23:27:18 - [MESSAGE][PASSED] - Browser is opened with url: ''

2023-06-18 23:27:18 - [TEST_STEP][PASSED] - navigateToUrl("https://pegadaian.cloudias79.com/#/"): Navigate to 'https://pegadaian.cloudias79.com/#/' successfully

2023-06-18 23:27:19 - [MESSAGE][PASSED] - Navigate to 'https://pegadaian.cloudias79.com/#/' successfully

2023-06-18 23:27:19 - [TEST_STEP][PASSED] - maximizeWindow(): Current window maximized

2023-06-18 23:27:19 - [MESSAGE][PASSED] - Current window maximized

2023-06-18 23:27:19 - [TEST_STEP][PASSED] - setText(findTestObject("Page_RFID - Inventory Management System/input_Login_username"), "P29901"): Text 'P29901' is set on object 'Object Repository/Page_RFID - Inventory Management System/input_Login_username'

2023-06-18 23:27:20 - [MESSAGE][PASSED] - Text 'P29901' is set on object 'Object Repository/Page_RFID - Inventory Management System/input_Login_username'

2023-06-18 23:27:20 - [TEST_STEP][PASSED] - setEncryptedText(findTestObject("Page_RFID - Inventory Management System/input_Login_password"), "YFZfyx+NhJE="): Text ****** has been set on object 'Object Repository/Page_RFID - Inventory Management System/input_Login_password'

2023-06-18 23:27:20 - [MESSAGE][PASSED] - Text ****** has been set on object 'Object Repository/Page_RFID - Inventory Management System/input_Login_password'

2023-06-18 23:27:20 - [TEST_STEP][PASSED] - click(findTestObject("Object Repository/Page_RFID - Inventory Management System/button_Login")): Object: 'Object Repository/Page_RFID - Inventory Management System/button_Login' is clicked on

2023-06-18 23:27:21 - [MESSAGE][PASSED] - Object: 'Object Repository/Page_RFID - Inventory Management System/button_Login' is clicked on

2023-06-18 23:27:21 - [TEST_STEP][PASSED] - waitForElementVisible(findTestObject("Object Repository/Page_RFID - Inventory Management System/h4_Inventory Management System"), 5): Object 'Object Repository/Page_RFID - Inventory Management System/h4_Inventory Management System' is visible

2023-06-18 23:27:26 - [MESSAGE][PASSED] - Object 'Object Repository/Page_RFID - Inventory Management System/h4_Inventory Management System' is visible

2023-06-18 23:27:26 - [MESSAGE][PASSED] - Call Test Case 'Test Cases/Web App-Login berhasil' successfully

2023-06-18 23:27:26 - [TEST_STEP][PASSED] - click(findTestObject("Object Repository/Page_RFID - Inventory Management System/a_Inventory")): Object: 'Object Repository/Page_RFID - Inventory Management System/a_Inventory' is clicked on

2023-06-18 23:27:26 - [MESSAGE][PASSED] - Object: 'Object Repository/Page_RFID - Inventory Management System/a_Inventory' is clicked on

2023-06-18 23:27:26 - [TEST_STEP][PASSED] - verifyElementText(findTestObject("Object Repository/Page_RFID - Inventory Management System/li_Inventory"), "Inventory"): Actual text and expected text of test object 'Object Repository/Page_RFID - Inventory Management System/li_Inventory' are matched.

2023-06-18 23:27:27 - [MESSAGE][PASSED] - Actual text and expected text of test object 'Object Repository/Page_RFID - Inventory Management System/li_Inventory' are matched.

2023-06-18 23:27:27 - [MESSAGE][PASSED] - Call Test Case 'Test Cases/Web App-Melihat Halaman Inventory' successfully

2023-06-18 23:27:27 - [TEST_STEP][PASSED] - click(findTestObject("Object Repository/Page_RFID - Inventory Management System/button_Detail")): Object: 'Object Repository/Page_RFID - Inventory Management System/button_Detail' is clicked on

2023-06-18 23:27:28 - [MESSAGE][PASSED] - Object: 'Object Repository/Page_RFID - Inventory Management System/button_Detail' is clicked on]]></system-out>
         <system-err><![CDATA[]]></system-err>
      </testcase>
      <testcase name="Test Cases/Web App-Melihat Halaman Inventory" time="11.131" classname="Test Cases/Web App-Melihat Halaman Inventory" status="PASSED">
         <system-out><![CDATA[2023-06-18 23:27:28 - [TEST_CASE][PASSED] - Test Cases/Web App-Melihat Halaman Inventory: Test Cases/Web App-Melihat Halaman Inventory

2023-06-18 23:27:28 - [TEST_STEP][PASSED] - callTestCase(findTestCase("Web App-Login berhasil"), [:], STOP_ON_FAILURE): Call Test Case 'Test Cases/Web App-Login berhasil' successfully

2023-06-18 23:27:28 - [TEST_CASE][PASSED] - Test Cases/Web App-Login berhasil: Test Cases/Web App-Login berhasil

2023-06-18 23:27:28 - [TEST_STEP][PASSED] - openBrowser(""): Browser is opened with url: ''

2023-06-18 23:27:28 - [MESSAGE][WARNING] - A browser is already opened. Closing browser and opening a new one

2023-06-18 23:27:29 - [MESSAGE][INFO] - Starting 'Chrome' driver

2023-06-18 23:27:29 - [MESSAGE][INFO] - Action delay is set to 0 milliseconds

2023-06-18 23:27:30 - [MESSAGE][PASSED] - Browser is opened with url: ''

2023-06-18 23:27:30 - [TEST_STEP][PASSED] - navigateToUrl("https://pegadaian.cloudias79.com/#/"): Navigate to 'https://pegadaian.cloudias79.com/#/' successfully

2023-06-18 23:27:31 - [MESSAGE][PASSED] - Navigate to 'https://pegadaian.cloudias79.com/#/' successfully

2023-06-18 23:27:31 - [TEST_STEP][PASSED] - maximizeWindow(): Current window maximized

2023-06-18 23:27:31 - [MESSAGE][PASSED] - Current window maximized

2023-06-18 23:27:31 - [TEST_STEP][PASSED] - setText(findTestObject("Page_RFID - Inventory Management System/input_Login_username"), "P29901"): Text 'P29901' is set on object 'Object Repository/Page_RFID - Inventory Management System/input_Login_username'

2023-06-18 23:27:32 - [MESSAGE][PASSED] - Text 'P29901' is set on object 'Object Repository/Page_RFID - Inventory Management System/input_Login_username'

2023-06-18 23:27:32 - [TEST_STEP][PASSED] - setEncryptedText(findTestObject("Page_RFID - Inventory Management System/input_Login_password"), "YFZfyx+NhJE="): Text ****** has been set on object 'Object Repository/Page_RFID - Inventory Management System/input_Login_password'

2023-06-18 23:27:32 - [MESSAGE][PASSED] - Text ****** has been set on object 'Object Repository/Page_RFID - Inventory Management System/input_Login_password'

2023-06-18 23:27:32 - [TEST_STEP][PASSED] - click(findTestObject("Object Repository/Page_RFID - Inventory Management System/button_Login")): Object: 'Object Repository/Page_RFID - Inventory Management System/button_Login' is clicked on

2023-06-18 23:27:33 - [MESSAGE][PASSED] - Object: 'Object Repository/Page_RFID - Inventory Management System/button_Login' is clicked on

2023-06-18 23:27:33 - [TEST_STEP][PASSED] - waitForElementVisible(findTestObject("Object Repository/Page_RFID - Inventory Management System/h4_Inventory Management System"), 5): Object 'Object Repository/Page_RFID - Inventory Management System/h4_Inventory Management System' is visible

2023-06-18 23:27:38 - [MESSAGE][PASSED] - Object 'Object Repository/Page_RFID - Inventory Management System/h4_Inventory Management System' is visible

2023-06-18 23:27:38 - [MESSAGE][PASSED] - Call Test Case 'Test Cases/Web App-Login berhasil' successfully

2023-06-18 23:27:38 - [TEST_STEP][PASSED] - click(findTestObject("Object Repository/Page_RFID - Inventory Management System/a_Inventory")): Object: 'Object Repository/Page_RFID - Inventory Management System/a_Inventory' is clicked on

2023-06-18 23:27:38 - [MESSAGE][PASSED] - Object: 'Object Repository/Page_RFID - Inventory Management System/a_Inventory' is clicked on

2023-06-18 23:27:38 - [TEST_STEP][PASSED] - verifyElementText(findTestObject("Object Repository/Page_RFID - Inventory Management System/li_Inventory"), "Inventory"): Actual text and expected text of test object 'Object Repository/Page_RFID - Inventory Management System/li_Inventory' are matched.

2023-06-18 23:27:39 - [MESSAGE][PASSED] - Actual text and expected text of test object 'Object Repository/Page_RFID - Inventory Management System/li_Inventory' are matched.]]></system-out>
         <system-err><![CDATA[]]></system-err>
      </testcase>
      <testcase name="Test Cases/Web App-Search data barang jaminan berdasarkan EPC label RFID" time="12.622" classname="Test Cases/Web App-Search data barang jaminan berdasarkan EPC label RFID" status="PASSED">
         <system-out><![CDATA[2023-06-18 23:27:39 - [TEST_CASE][PASSED] - Test Cases/Web App-Search data barang jaminan berdasarkan EPC label RFID: Test Cases/Web App-Search data barang jaminan berdasarkan EPC label RFID

2023-06-18 23:27:39 - [TEST_STEP][PASSED] - callTestCase(findTestCase("Web App-Melihat Halaman Inventory"), [:], STOP_ON_FAILURE): Call Test Case 'Test Cases/Web App-Melihat Halaman Inventory' successfully

2023-06-18 23:27:39 - [TEST_CASE][PASSED] - Test Cases/Web App-Melihat Halaman Inventory: Test Cases/Web App-Melihat Halaman Inventory

2023-06-18 23:27:39 - [TEST_STEP][PASSED] - callTestCase(findTestCase("Web App-Login berhasil"), [:], STOP_ON_FAILURE): Call Test Case 'Test Cases/Web App-Login berhasil' successfully

2023-06-18 23:27:40 - [TEST_CASE][PASSED] - Test Cases/Web App-Login berhasil: Test Cases/Web App-Login berhasil

2023-06-18 23:27:40 - [TEST_STEP][PASSED] - openBrowser(""): Browser is opened with url: ''

2023-06-18 23:27:40 - [MESSAGE][WARNING] - A browser is already opened. Closing browser and opening a new one

2023-06-18 23:27:40 - [MESSAGE][INFO] - Starting 'Chrome' driver

2023-06-18 23:27:40 - [MESSAGE][INFO] - Action delay is set to 0 milliseconds

2023-06-18 23:27:41 - [MESSAGE][PASSED] - Browser is opened with url: ''

2023-06-18 23:27:41 - [TEST_STEP][PASSED] - navigateToUrl("https://pegadaian.cloudias79.com/#/"): Navigate to 'https://pegadaian.cloudias79.com/#/' successfully

2023-06-18 23:27:42 - [MESSAGE][PASSED] - Navigate to 'https://pegadaian.cloudias79.com/#/' successfully

2023-06-18 23:27:42 - [TEST_STEP][PASSED] - maximizeWindow(): Current window maximized

2023-06-18 23:27:42 - [MESSAGE][PASSED] - Current window maximized

2023-06-18 23:27:42 - [TEST_STEP][PASSED] - setText(findTestObject("Page_RFID - Inventory Management System/input_Login_username"), "P29901"): Text 'P29901' is set on object 'Object Repository/Page_RFID - Inventory Management System/input_Login_username'

2023-06-18 23:27:43 - [MESSAGE][PASSED] - Text 'P29901' is set on object 'Object Repository/Page_RFID - Inventory Management System/input_Login_username'

2023-06-18 23:27:43 - [TEST_STEP][PASSED] - setEncryptedText(findTestObject("Page_RFID - Inventory Management System/input_Login_password"), "YFZfyx+NhJE="): Text ****** has been set on object 'Object Repository/Page_RFID - Inventory Management System/input_Login_password'

2023-06-18 23:27:44 - [MESSAGE][PASSED] - Text ****** has been set on object 'Object Repository/Page_RFID - Inventory Management System/input_Login_password'

2023-06-18 23:27:44 - [TEST_STEP][PASSED] - click(findTestObject("Object Repository/Page_RFID - Inventory Management System/button_Login")): Object: 'Object Repository/Page_RFID - Inventory Management System/button_Login' is clicked on

2023-06-18 23:27:44 - [MESSAGE][PASSED] - Object: 'Object Repository/Page_RFID - Inventory Management System/button_Login' is clicked on

2023-06-18 23:27:44 - [TEST_STEP][PASSED] - waitForElementVisible(findTestObject("Object Repository/Page_RFID - Inventory Management System/h4_Inventory Management System"), 5): Object 'Object Repository/Page_RFID - Inventory Management System/h4_Inventory Management System' is visible

2023-06-18 23:27:49 - [MESSAGE][PASSED] - Object 'Object Repository/Page_RFID - Inventory Management System/h4_Inventory Management System' is visible

2023-06-18 23:27:49 - [MESSAGE][PASSED] - Call Test Case 'Test Cases/Web App-Login berhasil' successfully

2023-06-18 23:27:49 - [TEST_STEP][PASSED] - click(findTestObject("Object Repository/Page_RFID - Inventory Management System/a_Inventory")): Object: 'Object Repository/Page_RFID - Inventory Management System/a_Inventory' is clicked on

2023-06-18 23:27:49 - [MESSAGE][PASSED] - Object: 'Object Repository/Page_RFID - Inventory Management System/a_Inventory' is clicked on

2023-06-18 23:27:49 - [TEST_STEP][PASSED] - verifyElementText(findTestObject("Object Repository/Page_RFID - Inventory Management System/li_Inventory"), "Inventory"): Actual text and expected text of test object 'Object Repository/Page_RFID - Inventory Management System/li_Inventory' are matched.

2023-06-18 23:27:50 - [MESSAGE][PASSED] - Actual text and expected text of test object 'Object Repository/Page_RFID - Inventory Management System/li_Inventory' are matched.

2023-06-18 23:27:50 - [MESSAGE][PASSED] - Call Test Case 'Test Cases/Web App-Melihat Halaman Inventory' successfully

2023-06-18 23:27:50 - [TEST_STEP][PASSED] - setText(findTestObject("Inventory Field/input_EPC Label RFID"), "E000123456Q"): Text 'E000123456Q' is set on object 'Object Repository/Inventory Field/input_EPC Label RFID'

2023-06-18 23:27:51 - [MESSAGE][PASSED] - Text 'E000123456Q' is set on object 'Object Repository/Inventory Field/input_EPC Label RFID'

2023-06-18 23:27:51 - [TEST_STEP][PASSED] - click(findTestObject("Object Repository/Page_RFID - Inventory Management System/button_Cari")): Object: 'Object Repository/Page_RFID - Inventory Management System/button_Cari' is clicked on

2023-06-18 23:27:51 - [MESSAGE][PASSED] - Object: 'Object Repository/Page_RFID - Inventory Management System/button_Cari' is clicked on

2023-06-18 23:27:51 - [TEST_STEP][PASSED] - verifyElementPresent(findTestObject("Object Repository/Page_RFID - Inventory Management System/div_1"), 5): Object 'Object Repository/Page_RFID - Inventory Management System/div_1' is present

2023-06-18 23:27:52 - [MESSAGE][PASSED] - Object 'Object Repository/Page_RFID - Inventory Management System/div_1' is present]]></system-out>
         <system-err><![CDATA[]]></system-err>
      </testcase>
      <testcase name="Test Cases/Web App-Search data barang jaminan berdasarkan no kredit" time="12.773" classname="Test Cases/Web App-Search data barang jaminan berdasarkan no kredit" status="PASSED">
         <system-out><![CDATA[2023-06-18 23:27:52 - [TEST_CASE][PASSED] - Test Cases/Web App-Search data barang jaminan berdasarkan no kredit: Test Cases/Web App-Search data barang jaminan berdasarkan no kredit

2023-06-18 23:27:52 - [TEST_STEP][PASSED] - callTestCase(findTestCase("Web App-Melihat Halaman Inventory"), [:], STOP_ON_FAILURE): Call Test Case 'Test Cases/Web App-Melihat Halaman Inventory' successfully

2023-06-18 23:27:52 - [TEST_CASE][PASSED] - Test Cases/Web App-Melihat Halaman Inventory: Test Cases/Web App-Melihat Halaman Inventory

2023-06-18 23:27:52 - [TEST_STEP][PASSED] - callTestCase(findTestCase("Web App-Login berhasil"), [:], STOP_ON_FAILURE): Call Test Case 'Test Cases/Web App-Login berhasil' successfully

2023-06-18 23:27:52 - [TEST_CASE][PASSED] - Test Cases/Web App-Login berhasil: Test Cases/Web App-Login berhasil

2023-06-18 23:27:52 - [TEST_STEP][PASSED] - openBrowser(""): Browser is opened with url: ''

2023-06-18 23:27:52 - [MESSAGE][WARNING] - A browser is already opened. Closing browser and opening a new one

2023-06-18 23:27:53 - [MESSAGE][INFO] - Starting 'Chrome' driver

2023-06-18 23:27:53 - [MESSAGE][INFO] - Action delay is set to 0 milliseconds

2023-06-18 23:27:54 - [MESSAGE][PASSED] - Browser is opened with url: ''

2023-06-18 23:27:54 - [TEST_STEP][PASSED] - navigateToUrl("https://pegadaian.cloudias79.com/#/"): Navigate to 'https://pegadaian.cloudias79.com/#/' successfully

2023-06-18 23:27:55 - [MESSAGE][PASSED] - Navigate to 'https://pegadaian.cloudias79.com/#/' successfully

2023-06-18 23:27:55 - [TEST_STEP][PASSED] - maximizeWindow(): Current window maximized

2023-06-18 23:27:55 - [MESSAGE][PASSED] - Current window maximized

2023-06-18 23:27:55 - [TEST_STEP][PASSED] - setText(findTestObject("Page_RFID - Inventory Management System/input_Login_username"), "P29901"): Text 'P29901' is set on object 'Object Repository/Page_RFID - Inventory Management System/input_Login_username'

2023-06-18 23:27:56 - [MESSAGE][PASSED] - Text 'P29901' is set on object 'Object Repository/Page_RFID - Inventory Management System/input_Login_username'

2023-06-18 23:27:56 - [TEST_STEP][PASSED] - setEncryptedText(findTestObject("Page_RFID - Inventory Management System/input_Login_password"), "YFZfyx+NhJE="): Text ****** has been set on object 'Object Repository/Page_RFID - Inventory Management System/input_Login_password'

2023-06-18 23:27:56 - [MESSAGE][PASSED] - Text ****** has been set on object 'Object Repository/Page_RFID - Inventory Management System/input_Login_password'

2023-06-18 23:27:56 - [TEST_STEP][PASSED] - click(findTestObject("Object Repository/Page_RFID - Inventory Management System/button_Login")): Object: 'Object Repository/Page_RFID - Inventory Management System/button_Login' is clicked on

2023-06-18 23:27:57 - [MESSAGE][PASSED] - Object: 'Object Repository/Page_RFID - Inventory Management System/button_Login' is clicked on

2023-06-18 23:27:57 - [TEST_STEP][PASSED] - waitForElementVisible(findTestObject("Object Repository/Page_RFID - Inventory Management System/h4_Inventory Management System"), 5): Object 'Object Repository/Page_RFID - Inventory Management System/h4_Inventory Management System' is visible

2023-06-18 23:28:01 - [MESSAGE][PASSED] - Object 'Object Repository/Page_RFID - Inventory Management System/h4_Inventory Management System' is visible

2023-06-18 23:28:01 - [MESSAGE][PASSED] - Call Test Case 'Test Cases/Web App-Login berhasil' successfully

2023-06-18 23:28:01 - [TEST_STEP][PASSED] - click(findTestObject("Object Repository/Page_RFID - Inventory Management System/a_Inventory")): Object: 'Object Repository/Page_RFID - Inventory Management System/a_Inventory' is clicked on

2023-06-18 23:28:02 - [MESSAGE][PASSED] - Object: 'Object Repository/Page_RFID - Inventory Management System/a_Inventory' is clicked on

2023-06-18 23:28:02 - [TEST_STEP][PASSED] - verifyElementText(findTestObject("Object Repository/Page_RFID - Inventory Management System/li_Inventory"), "Inventory"): Actual text and expected text of test object 'Object Repository/Page_RFID - Inventory Management System/li_Inventory' are matched.

2023-06-18 23:28:03 - [MESSAGE][PASSED] - Actual text and expected text of test object 'Object Repository/Page_RFID - Inventory Management System/li_Inventory' are matched.

2023-06-18 23:28:03 - [MESSAGE][PASSED] - Call Test Case 'Test Cases/Web App-Melihat Halaman Inventory' successfully

2023-06-18 23:28:03 - [TEST_STEP][PASSED] - setText(findTestObject("Inventory Field/input_No. Kredit"), "13151-23-01-001460-1"): Text '13151-23-01-001460-1' is set on object 'Object Repository/Inventory Field/input_No. Kredit'

2023-06-18 23:28:04 - [MESSAGE][PASSED] - Text '13151-23-01-001460-1' is set on object 'Object Repository/Inventory Field/input_No. Kredit'

2023-06-18 23:28:04 - [TEST_STEP][PASSED] - click(findTestObject("Object Repository/Page_RFID - Inventory Management System/button_Cari")): Object: 'Object Repository/Page_RFID - Inventory Management System/button_Cari' is clicked on

2023-06-18 23:28:04 - [MESSAGE][PASSED] - Object: 'Object Repository/Page_RFID - Inventory Management System/button_Cari' is clicked on

2023-06-18 23:28:04 - [TEST_STEP][PASSED] - verifyElementPresent(findTestObject("Object Repository/Page_RFID - Inventory Management System/div_1"), 5): Object 'Object Repository/Page_RFID - Inventory Management System/div_1' is present

2023-06-18 23:28:04 - [MESSAGE][PASSED] - Object 'Object Repository/Page_RFID - Inventory Management System/div_1' is present]]></system-out>
         <system-err><![CDATA[]]></system-err>
      </testcase>
      <testcase name="Test Cases/Web App-Search data barang jaminan berdasarkan Status" time="63.13" classname="Test Cases/Web App-Search data barang jaminan berdasarkan Status" status="PASSED">
         <system-out><![CDATA[2023-06-18 23:28:04 - [TEST_CASE][PASSED] - Test Cases/Web App-Search data barang jaminan berdasarkan Status: Test Cases/Web App-Search data barang jaminan berdasarkan Status

2023-06-18 23:28:05 - [TEST_STEP][PASSED] - callTestCase(findTestCase("Web App-Melihat Halaman Inventory"), [:], STOP_ON_FAILURE): Call Test Case 'Test Cases/Web App-Melihat Halaman Inventory' successfully

2023-06-18 23:28:05 - [TEST_CASE][PASSED] - Test Cases/Web App-Melihat Halaman Inventory: Test Cases/Web App-Melihat Halaman Inventory

2023-06-18 23:28:05 - [TEST_STEP][PASSED] - callTestCase(findTestCase("Web App-Login berhasil"), [:], STOP_ON_FAILURE): Call Test Case 'Test Cases/Web App-Login berhasil' successfully

2023-06-18 23:28:05 - [TEST_CASE][PASSED] - Test Cases/Web App-Login berhasil: Test Cases/Web App-Login berhasil

2023-06-18 23:28:05 - [TEST_STEP][PASSED] - openBrowser(""): Browser is opened with url: ''

2023-06-18 23:28:05 - [MESSAGE][WARNING] - A browser is already opened. Closing browser and opening a new one

2023-06-18 23:28:06 - [MESSAGE][INFO] - Starting 'Chrome' driver

2023-06-18 23:28:06 - [MESSAGE][INFO] - Action delay is set to 0 milliseconds

2023-06-18 23:28:07 - [MESSAGE][PASSED] - Browser is opened with url: ''

2023-06-18 23:28:07 - [TEST_STEP][PASSED] - navigateToUrl("https://pegadaian.cloudias79.com/#/"): Navigate to 'https://pegadaian.cloudias79.com/#/' successfully

2023-06-18 23:28:08 - [MESSAGE][PASSED] - Navigate to 'https://pegadaian.cloudias79.com/#/' successfully

2023-06-18 23:28:08 - [TEST_STEP][PASSED] - maximizeWindow(): Current window maximized

2023-06-18 23:28:08 - [MESSAGE][PASSED] - Current window maximized

2023-06-18 23:28:08 - [TEST_STEP][PASSED] - setText(findTestObject("Page_RFID - Inventory Management System/input_Login_username"), "P29901"): Text 'P29901' is set on object 'Object Repository/Page_RFID - Inventory Management System/input_Login_username'

2023-06-18 23:28:09 - [MESSAGE][PASSED] - Text 'P29901' is set on object 'Object Repository/Page_RFID - Inventory Management System/input_Login_username'

2023-06-18 23:28:09 - [TEST_STEP][PASSED] - setEncryptedText(findTestObject("Page_RFID - Inventory Management System/input_Login_password"), "YFZfyx+NhJE="): Text ****** has been set on object 'Object Repository/Page_RFID - Inventory Management System/input_Login_password'

2023-06-18 23:28:09 - [MESSAGE][PASSED] - Text ****** has been set on object 'Object Repository/Page_RFID - Inventory Management System/input_Login_password'

2023-06-18 23:28:09 - [TEST_STEP][PASSED] - click(findTestObject("Object Repository/Page_RFID - Inventory Management System/button_Login")): Object: 'Object Repository/Page_RFID - Inventory Management System/button_Login' is clicked on

2023-06-18 23:28:10 - [MESSAGE][PASSED] - Object: 'Object Repository/Page_RFID - Inventory Management System/button_Login' is clicked on

2023-06-18 23:28:10 - [TEST_STEP][PASSED] - waitForElementVisible(findTestObject("Object Repository/Page_RFID - Inventory Management System/h4_Inventory Management System"), 5): Object 'Object Repository/Page_RFID - Inventory Management System/h4_Inventory Management System' is visible

2023-06-18 23:28:14 - [MESSAGE][PASSED] - Object 'Object Repository/Page_RFID - Inventory Management System/h4_Inventory Management System' is visible

2023-06-18 23:28:14 - [MESSAGE][PASSED] - Call Test Case 'Test Cases/Web App-Login berhasil' successfully

2023-06-18 23:28:14 - [TEST_STEP][PASSED] - click(findTestObject("Object Repository/Page_RFID - Inventory Management System/a_Inventory")): Object: 'Object Repository/Page_RFID - Inventory Management System/a_Inventory' is clicked on

2023-06-18 23:28:15 - [MESSAGE][PASSED] - Object: 'Object Repository/Page_RFID - Inventory Management System/a_Inventory' is clicked on

2023-06-18 23:28:15 - [TEST_STEP][PASSED] - verifyElementText(findTestObject("Object Repository/Page_RFID - Inventory Management System/li_Inventory"), "Inventory"): Actual text and expected text of test object 'Object Repository/Page_RFID - Inventory Management System/li_Inventory' are matched.

2023-06-18 23:28:16 - [MESSAGE][PASSED] - Actual text and expected text of test object 'Object Repository/Page_RFID - Inventory Management System/li_Inventory' are matched.

2023-06-18 23:28:16 - [MESSAGE][PASSED] - Call Test Case 'Test Cases/Web App-Melihat Halaman Inventory' successfully

2023-06-18 23:28:16 - [TEST_STEP][PASSED] - click(findTestObject("Object Repository/Page_RFID - Inventory Management System/span_Teregistrasi")): Object: 'Object Repository/Page_RFID - Inventory Management System/span_Teregistrasi' is clicked on

2023-06-18 23:28:16 - [MESSAGE][PASSED] - Object: 'Object Repository/Page_RFID - Inventory Management System/span_Teregistrasi' is clicked on

2023-06-18 23:28:16 - [TEST_STEP][PASSED] - click(findTestObject("Object Repository/Page_RFID - Inventory Management System/span_Tersimpan")): Object: 'Object Repository/Page_RFID - Inventory Management System/span_Tersimpan' is clicked on

2023-06-18 23:28:17 - [MESSAGE][PASSED] - Object: 'Object Repository/Page_RFID - Inventory Management System/span_Tersimpan' is clicked on

2023-06-18 23:28:17 - [TEST_STEP][PASSED] - click(findTestObject("Object Repository/Page_RFID - Inventory Management System/span_Menunggu")): Object: 'Object Repository/Page_RFID - Inventory Management System/span_Menunggu' is clicked on

2023-06-18 23:28:17 - [MESSAGE][PASSED] - Object: 'Object Repository/Page_RFID - Inventory Management System/span_Menunggu' is clicked on

2023-06-18 23:28:17 - [TEST_STEP][PASSED] - click(findTestObject("Object Repository/Page_RFID - Inventory Management System/span_Diizinkan")): Object: 'Object Repository/Page_RFID - Inventory Management System/span_Diizinkan' is clicked on

2023-06-18 23:28:18 - [MESSAGE][PASSED] - Object: 'Object Repository/Page_RFID - Inventory Management System/span_Diizinkan' is clicked on

2023-06-18 23:28:18 - [TEST_STEP][PASSED] - click(findTestObject("Object Repository/Page_RFID - Inventory Management System/span_Dipinjam")): Object: 'Object Repository/Page_RFID - Inventory Management System/span_Dipinjam' is clicked on

2023-06-18 23:28:19 - [MESSAGE][PASSED] - Object: 'Object Repository/Page_RFID - Inventory Management System/span_Dipinjam' is clicked on

2023-06-18 23:28:19 - [TEST_STEP][PASSED] - click(findTestObject("Object Repository/Page_RFID - Inventory Management System/span_Checkout Tanpa Izin")): Object: 'Object Repository/Page_RFID - Inventory Management System/span_Checkout Tanpa Izin' is clicked on

2023-06-18 23:28:19 - [MESSAGE][PASSED] - Object: 'Object Repository/Page_RFID - Inventory Management System/span_Checkout Tanpa Izin' is clicked on

2023-06-18 23:28:19 - [TEST_STEP][PASSED] - click(findTestObject("Object Repository/Page_RFID - Inventory Management System/span_Ditebus")): Object: 'Object Repository/Page_RFID - Inventory Management System/span_Ditebus' is clicked on

2023-06-18 23:28:20 - [MESSAGE][PASSED] - Object: 'Object Repository/Page_RFID - Inventory Management System/span_Ditebus' is clicked on

2023-06-18 23:28:20 - [TEST_STEP][PASSED] - click(findTestObject("Object Repository/Page_RFID - Inventory Management System/span_Diambil")): Object: 'Object Repository/Page_RFID - Inventory Management System/span_Diambil' is clicked on

2023-06-18 23:28:20 - [MESSAGE][PASSED] - Object: 'Object Repository/Page_RFID - Inventory Management System/span_Diambil' is clicked on

2023-06-18 23:28:20 - [TEST_STEP][PASSED] - click(findTestObject("Object Repository/Page_RFID - Inventory Management System/span_Dikoreksi")): Object: 'Object Repository/Page_RFID - Inventory Management System/span_Dikoreksi' is clicked on

2023-06-18 23:28:21 - [MESSAGE][PASSED] - Object: 'Object Repository/Page_RFID - Inventory Management System/span_Dikoreksi' is clicked on

2023-06-18 23:28:21 - [TEST_STEP][PASSED] - click(findTestObject("Object Repository/Page_RFID - Inventory Management System/span_Kadaluwarsa")): Object: 'Object Repository/Page_RFID - Inventory Management System/span_Kadaluwarsa' is clicked on

2023-06-18 23:28:21 - [MESSAGE][PASSED] - Object: 'Object Repository/Page_RFID - Inventory Management System/span_Kadaluwarsa' is clicked on

2023-06-18 23:28:21 - [TEST_STEP][PASSED] - click(findTestObject("Object Repository/Page_RFID - Inventory Management System/span_Teregistrasi")): Object: 'Object Repository/Page_RFID - Inventory Management System/span_Teregistrasi' is clicked on

2023-06-18 23:28:22 - [MESSAGE][PASSED] - Object: 'Object Repository/Page_RFID - Inventory Management System/span_Teregistrasi' is clicked on

2023-06-18 23:28:22 - [TEST_STEP][PASSED] - click(findTestObject("Object Repository/Page_RFID - Inventory Management System/button_Cari")): Object: 'Object Repository/Page_RFID - Inventory Management System/button_Cari' is clicked on

2023-06-18 23:28:22 - [MESSAGE][PASSED] - Object: 'Object Repository/Page_RFID - Inventory Management System/button_Cari' is clicked on

2023-06-18 23:28:22 - [TEST_STEP][PASSED] - if (true): Actual text and expected text of test object 'Object Repository/Page_RFID - Inventory Management System/span_barang jaminan teregistrasi' are matched.

2023-06-18 23:28:22 - [TEST_STEP][PASSED] - verifyElementPresent(findTestObject("Object Repository/Page_RFID - Inventory Management System/div_1"), 5): Object 'Object Repository/Page_RFID - Inventory Management System/div_1' is present

2023-06-18 23:28:24 - [MESSAGE][PASSED] - Object 'Object Repository/Page_RFID - Inventory Management System/div_1' is present

2023-06-18 23:28:24 - [TEST_STEP][PASSED] - verifyElementText(findTestObject("Object Repository/Page_RFID - Inventory Management System/span_barang jaminan teregistrasi"), "barang jaminan teregistrasi"): Actual text and expected text of test object 'Object Repository/Page_RFID - Inventory Management System/span_barang jaminan teregistrasi' are matched.

2023-06-18 23:28:24 - [MESSAGE][PASSED] - Actual text and expected text of test object 'Object Repository/Page_RFID - Inventory Management System/span_barang jaminan teregistrasi' are matched.

2023-06-18 23:28:24 - [TEST_STEP][PASSED] - click(findTestObject("Object Repository/Page_RFID - Inventory Management System/span_Teregistrasi")): Object: 'Object Repository/Page_RFID - Inventory Management System/span_Teregistrasi' is clicked on

2023-06-18 23:28:24 - [MESSAGE][PASSED] - Object: 'Object Repository/Page_RFID - Inventory Management System/span_Teregistrasi' is clicked on

2023-06-18 23:28:24 - [TEST_STEP][PASSED] - click(findTestObject("Object Repository/Page_RFID - Inventory Management System/span_Tersimpan")): Object: 'Object Repository/Page_RFID - Inventory Management System/span_Tersimpan' is clicked on

2023-06-18 23:28:25 - [MESSAGE][PASSED] - Object: 'Object Repository/Page_RFID - Inventory Management System/span_Tersimpan' is clicked on

2023-06-18 23:28:25 - [TEST_STEP][PASSED] - click(findTestObject("Object Repository/Page_RFID - Inventory Management System/button_Cari")): Object: 'Object Repository/Page_RFID - Inventory Management System/button_Cari' is clicked on

2023-06-18 23:28:25 - [MESSAGE][PASSED] - Object: 'Object Repository/Page_RFID - Inventory Management System/button_Cari' is clicked on

2023-06-18 23:28:25 - [TEST_STEP][PASSED] - if (true): Actual text and expected text of test object 'Object Repository/Page_RFID - Inventory Management System/span_barang jaminan tersimpan' are matched.

2023-06-18 23:28:25 - [TEST_STEP][PASSED] - verifyElementPresent(findTestObject("Object Repository/Page_RFID - Inventory Management System/div_1"), 5): Object 'Object Repository/Page_RFID - Inventory Management System/div_1' is present

2023-06-18 23:28:26 - [MESSAGE][PASSED] - Object 'Object Repository/Page_RFID - Inventory Management System/div_1' is present

2023-06-18 23:28:26 - [TEST_STEP][PASSED] - verifyElementText(findTestObject("Object Repository/Page_RFID - Inventory Management System/span_barang jaminan tersimpan"), "barang jaminan tersimpan"): Actual text and expected text of test object 'Object Repository/Page_RFID - Inventory Management System/span_barang jaminan tersimpan' are matched.

2023-06-18 23:28:27 - [MESSAGE][PASSED] - Actual text and expected text of test object 'Object Repository/Page_RFID - Inventory Management System/span_barang jaminan tersimpan' are matched.

2023-06-18 23:28:27 - [TEST_STEP][PASSED] - click(findTestObject("Object Repository/Page_RFID - Inventory Management System/span_Tersimpan")): Object: 'Object Repository/Page_RFID - Inventory Management System/span_Tersimpan' is clicked on

2023-06-18 23:28:27 - [MESSAGE][PASSED] - Object: 'Object Repository/Page_RFID - Inventory Management System/span_Tersimpan' is clicked on

2023-06-18 23:28:27 - [TEST_STEP][PASSED] - click(findTestObject("Object Repository/Page_RFID - Inventory Management System/span_Menunggu")): Object: 'Object Repository/Page_RFID - Inventory Management System/span_Menunggu' is clicked on

2023-06-18 23:28:27 - [MESSAGE][PASSED] - Object: 'Object Repository/Page_RFID - Inventory Management System/span_Menunggu' is clicked on

2023-06-18 23:28:27 - [TEST_STEP][PASSED] - click(findTestObject("Object Repository/Page_RFID - Inventory Management System/button_Cari")): Object: 'Object Repository/Page_RFID - Inventory Management System/button_Cari' is clicked on

2023-06-18 23:28:28 - [MESSAGE][PASSED] - Object: 'Object Repository/Page_RFID - Inventory Management System/button_Cari' is clicked on

2023-06-18 23:28:28 - [TEST_STEP][PASSED] - if (true): Actual text and expected text of test object 'Object Repository/Page_RFID - Inventory Management System/span_barang jaminan menunggu approval' are matched.

2023-06-18 23:28:28 - [TEST_STEP][PASSED] - verifyElementPresent(findTestObject("Object Repository/Page_RFID - Inventory Management System/div_1"), 5): Object 'Object Repository/Page_RFID - Inventory Management System/div_1' is present

2023-06-18 23:28:29 - [MESSAGE][PASSED] - Object 'Object Repository/Page_RFID - Inventory Management System/div_1' is present

2023-06-18 23:28:29 - [TEST_STEP][PASSED] - verifyElementText(findTestObject("Object Repository/Page_RFID - Inventory Management System/span_barang jaminan menunggu approval"), "barang jaminan menunggu approval"): Actual text and expected text of test object 'Object Repository/Page_RFID - Inventory Management System/span_barang jaminan menunggu approval' are matched.

2023-06-18 23:28:29 - [MESSAGE][PASSED] - Actual text and expected text of test object 'Object Repository/Page_RFID - Inventory Management System/span_barang jaminan menunggu approval' are matched.

2023-06-18 23:28:29 - [TEST_STEP][PASSED] - click(findTestObject("Object Repository/Page_RFID - Inventory Management System/span_Menunggu")): Object: 'Object Repository/Page_RFID - Inventory Management System/span_Menunggu' is clicked on

2023-06-18 23:28:30 - [MESSAGE][PASSED] - Object: 'Object Repository/Page_RFID - Inventory Management System/span_Menunggu' is clicked on

2023-06-18 23:28:30 - [TEST_STEP][PASSED] - click(findTestObject("Object Repository/Page_RFID - Inventory Management System/span_Diizinkan")): Object: 'Object Repository/Page_RFID - Inventory Management System/span_Diizinkan' is clicked on

2023-06-18 23:28:30 - [MESSAGE][PASSED] - Object: 'Object Repository/Page_RFID - Inventory Management System/span_Diizinkan' is clicked on

2023-06-18 23:28:30 - [TEST_STEP][PASSED] - click(findTestObject("Object Repository/Page_RFID - Inventory Management System/button_Cari")): Object: 'Object Repository/Page_RFID - Inventory Management System/button_Cari' is clicked on

2023-06-18 23:28:31 - [MESSAGE][PASSED] - Object: 'Object Repository/Page_RFID - Inventory Management System/button_Cari' is clicked on

2023-06-18 23:28:31 - [TEST_STEP][PASSED] - if (true): Actual text and expected text of test object 'Object Repository/Page_RFID - Inventory Management System/span_barang jaminan diijinkan untuk dipinja_a1011b' are matched.

2023-06-18 23:28:31 - [TEST_STEP][PASSED] - verifyElementPresent(findTestObject("Object Repository/Page_RFID - Inventory Management System/div_1"), 5): Object 'Object Repository/Page_RFID - Inventory Management System/div_1' is present

2023-06-18 23:28:32 - [MESSAGE][PASSED] - Object 'Object Repository/Page_RFID - Inventory Management System/div_1' is present

2023-06-18 23:28:32 - [TEST_STEP][PASSED] - verifyElementText(findTestObject("Object Repository/Page_RFID - Inventory Management System/span_barang jaminan diijinkan untuk dipinja_a1011b"), "barang jaminan diijinkan untuk dipinjam, tetapi masih tersimpan di gudang"): Actual text and expected text of test object 'Object Repository/Page_RFID - Inventory Management System/span_barang jaminan diijinkan untuk dipinja_a1011b' are matched.

2023-06-18 23:28:32 - [MESSAGE][PASSED] - Actual text and expected text of test object 'Object Repository/Page_RFID - Inventory Management System/span_barang jaminan diijinkan untuk dipinja_a1011b' are matched.

2023-06-18 23:28:32 - [TEST_STEP][PASSED] - click(findTestObject("Object Repository/Page_RFID - Inventory Management System/span_Diizinkan")): Object: 'Object Repository/Page_RFID - Inventory Management System/span_Diizinkan' is clicked on

2023-06-18 23:28:32 - [MESSAGE][PASSED] - Object: 'Object Repository/Page_RFID - Inventory Management System/span_Diizinkan' is clicked on

2023-06-18 23:28:32 - [TEST_STEP][PASSED] - click(findTestObject("Object Repository/Page_RFID - Inventory Management System/span_Dipinjam")): Object: 'Object Repository/Page_RFID - Inventory Management System/span_Dipinjam' is clicked on

2023-06-18 23:28:33 - [MESSAGE][PASSED] - Object: 'Object Repository/Page_RFID - Inventory Management System/span_Dipinjam' is clicked on

2023-06-18 23:28:33 - [TEST_STEP][PASSED] - click(findTestObject("Object Repository/Page_RFID - Inventory Management System/button_Cari")): Object: 'Object Repository/Page_RFID - Inventory Management System/button_Cari' is clicked on

2023-06-18 23:28:34 - [MESSAGE][PASSED] - Object: 'Object Repository/Page_RFID - Inventory Management System/button_Cari' is clicked on

2023-06-18 23:28:34 - [TEST_STEP][PASSED] - if (true): com.kms.katalon.core.webui.exception.WebElementNotFoundException: Web element with id: 'Object Repository/Page_RFID - Inventory Management System/div_1' located by '//div[@id='root']/div[2]/div/main/div[2]/div/div[3]/div/div[3]/div/div[2]/table/tbody/tr/td/div' not found (Root cause: com.kms.katalon.core.exception.StepFailedException: com.kms.katalon.core.webui.exception.WebElementNotFoundException: Web element with id: 'Object Repository/Page_RFID - Inventory Management System/div_1' located by '//div[@id='root']/div[2]/div/main/div[2]/div/div[3]/div/div[3]/div/div[2]/table/tbody/tr/td/div' not found
	at com.kms.katalon.core.webui.keyword.internal.WebUIKeywordMain.stepFailed(WebUIKeywordMain.groovy:64)
	at com.kms.katalon.core.webui.keyword.builtin.VerifyElementPresentKeyword$_verifyElementPresent_closure1.doCall(VerifyElementPresentKeyword.groovy:85)
	at com.kms.katalon.core.webui.keyword.builtin.VerifyElementPresentKeyword$_verifyElementPresent_closure1.call(VerifyElementPresentKeyword.groovy)
	at com.kms.katalon.core.webui.keyword.internal.WebUIKeywordMain.runKeyword(WebUIKeywordMain.groovy:20)
	at com.kms.katalon.core.webui.keyword.builtin.VerifyElementPresentKeyword.verifyElementPresent(VerifyElementPresentKeyword.groovy:92)
	at com.kms.katalon.core.webui.keyword.builtin.VerifyElementPresentKeyword.execute(VerifyElementPresentKeyword.groovy:68)
	at com.kms.katalon.core.keyword.internal.KeywordExecutor.executeKeywordForPlatform(KeywordExecutor.groovy:74)
	at com.kms.katalon.core.webui.keyword.WebUiBuiltInKeywords.verifyElementPresent(WebUiBuiltInKeywords.groovy:1448)
	at com.kms.katalon.core.webui.keyword.WebUiBuiltInKeywords$verifyElementPresent$8.call(Unknown Source)
	at Web App-Search data barang jaminan berdasarkan Status.run(Web App-Search data barang jaminan berdasarkan Status:99)
	at com.kms.katalon.core.main.ScriptEngine.run(ScriptEngine.java:194)
	at com.kms.katalon.core.main.ScriptEngine.runScriptAsRawText(ScriptEngine.java:119)
	at com.kms.katalon.core.main.TestCaseExecutor.runScript(TestCaseExecutor.java:448)
	at com.kms.katalon.core.main.TestCaseExecutor.doExecute(TestCaseExecutor.java:439)
	at com.kms.katalon.core.main.TestCaseExecutor.processExecutionPhase(TestCaseExecutor.java:418)
	at com.kms.katalon.core.main.TestCaseExecutor.accessMainPhase(TestCaseExecutor.java:410)
	at com.kms.katalon.core.main.TestCaseExecutor.execute(TestCaseExecutor.java:285)
	at com.kms.katalon.core.common.CommonExecutor.accessTestCaseMainPhase(CommonExecutor.java:65)
	at com.kms.katalon.core.main.TestSuiteExecutor.accessTestSuiteMainPhase(TestSuiteExecutor.java:148)
	at com.kms.katalon.core.main.TestSuiteExecutor.execute(TestSuiteExecutor.java:106)
	at com.kms.katalon.core.main.TestCaseMain.startTestSuite(TestCaseMain.java:187)
	at com.kms.katalon.core.main.TestCaseMain$startTestSuite$0.call(Unknown Source)
	at TempTestSuite1687105615870.run(TempTestSuite1687105615870.groovy:36)
)

2023-06-18 23:28:34 - [TEST_STEP][PASSED] - verifyElementPresent(findTestObject("Object Repository/Page_RFID - Inventory Management System/div_1"), 5, OPTIONAL): com.kms.katalon.core.webui.exception.WebElementNotFoundException: Web element with id: 'Object Repository/Page_RFID - Inventory Management System/div_1' located by '//div[@id='root']/div[2]/div/main/div[2]/div/div[3]/div/div[3]/div/div[2]/table/tbody/tr/td/div' not found (Root cause: com.kms.katalon.core.exception.StepFailedException: com.kms.katalon.core.webui.exception.WebElementNotFoundException: Web element with id: 'Object Repository/Page_RFID - Inventory Management System/div_1' located by '//div[@id='root']/div[2]/div/main/div[2]/div/div[3]/div/div[3]/div/div[2]/table/tbody/tr/td/div' not found
	at com.kms.katalon.core.webui.keyword.internal.WebUIKeywordMain.stepFailed(WebUIKeywordMain.groovy:64)
	at com.kms.katalon.core.webui.keyword.builtin.VerifyElementPresentKeyword$_verifyElementPresent_closure1.doCall(VerifyElementPresentKeyword.groovy:85)
	at com.kms.katalon.core.webui.keyword.builtin.VerifyElementPresentKeyword$_verifyElementPresent_closure1.call(VerifyElementPresentKeyword.groovy)
	at com.kms.katalon.core.webui.keyword.internal.WebUIKeywordMain.runKeyword(WebUIKeywordMain.groovy:20)
	at com.kms.katalon.core.webui.keyword.builtin.VerifyElementPresentKeyword.verifyElementPresent(VerifyElementPresentKeyword.groovy:92)
	at com.kms.katalon.core.webui.keyword.builtin.VerifyElementPresentKeyword.execute(VerifyElementPresentKeyword.groovy:68)
	at com.kms.katalon.core.keyword.internal.KeywordExecutor.executeKeywordForPlatform(KeywordExecutor.groovy:74)
	at com.kms.katalon.core.webui.keyword.WebUiBuiltInKeywords.verifyElementPresent(WebUiBuiltInKeywords.groovy:1448)
	at com.kms.katalon.core.webui.keyword.WebUiBuiltInKeywords$verifyElementPresent$8.call(Unknown Source)
	at Web App-Search data barang jaminan berdasarkan Status.run(Web App-Search data barang jaminan berdasarkan Status:99)
	at com.kms.katalon.core.main.ScriptEngine.run(ScriptEngine.java:194)
	at com.kms.katalon.core.main.ScriptEngine.runScriptAsRawText(ScriptEngine.java:119)
	at com.kms.katalon.core.main.TestCaseExecutor.runScript(TestCaseExecutor.java:448)
	at com.kms.katalon.core.main.TestCaseExecutor.doExecute(TestCaseExecutor.java:439)
	at com.kms.katalon.core.main.TestCaseExecutor.processExecutionPhase(TestCaseExecutor.java:418)
	at com.kms.katalon.core.main.TestCaseExecutor.accessMainPhase(TestCaseExecutor.java:410)
	at com.kms.katalon.core.main.TestCaseExecutor.execute(TestCaseExecutor.java:285)
	at com.kms.katalon.core.common.CommonExecutor.accessTestCaseMainPhase(CommonExecutor.java:65)
	at com.kms.katalon.core.main.TestSuiteExecutor.accessTestSuiteMainPhase(TestSuiteExecutor.java:148)
	at com.kms.katalon.core.main.TestSuiteExecutor.execute(TestSuiteExecutor.java:106)
	at com.kms.katalon.core.main.TestCaseMain.startTestSuite(TestCaseMain.java:187)
	at com.kms.katalon.core.main.TestCaseMain$startTestSuite$0.call(Unknown Source)
	at TempTestSuite1687105615870.run(TempTestSuite1687105615870.groovy:36)
)

2023-06-18 23:28:40 - [MESSAGE][INFO] - Unable to find the element located by 'By.xpath: //div[@id='root']/div[2]/div/main/div[2]/div/div[3]/div/div[3]/div/div[2]/table/tbody/tr/td/div'. Please recheck the objects properties to make sure the desired element is located. 

2023-06-18 23:28:40 - [MESSAGE][WARNING] - com.kms.katalon.core.webui.exception.WebElementNotFoundException: Web element with id: 'Object Repository/Page_RFID - Inventory Management System/div_1' located by '//div[@id='root']/div[2]/div/main/div[2]/div/div[3]/div/div[3]/div/div[2]/table/tbody/tr/td/div' not found (Root cause: com.kms.katalon.core.exception.StepFailedException: com.kms.katalon.core.webui.exception.WebElementNotFoundException: Web element with id: 'Object Repository/Page_RFID - Inventory Management System/div_1' located by '//div[@id='root']/div[2]/div/main/div[2]/div/div[3]/div/div[3]/div/div[2]/table/tbody/tr/td/div' not found
	at com.kms.katalon.core.webui.keyword.internal.WebUIKeywordMain.stepFailed(WebUIKeywordMain.groovy:64)
	at com.kms.katalon.core.webui.keyword.builtin.VerifyElementPresentKeyword$_verifyElementPresent_closure1.doCall(VerifyElementPresentKeyword.groovy:85)
	at com.kms.katalon.core.webui.keyword.builtin.VerifyElementPresentKeyword$_verifyElementPresent_closure1.call(VerifyElementPresentKeyword.groovy)
	at com.kms.katalon.core.webui.keyword.internal.WebUIKeywordMain.runKeyword(WebUIKeywordMain.groovy:20)
	at com.kms.katalon.core.webui.keyword.builtin.VerifyElementPresentKeyword.verifyElementPresent(VerifyElementPresentKeyword.groovy:92)
	at com.kms.katalon.core.webui.keyword.builtin.VerifyElementPresentKeyword.execute(VerifyElementPresentKeyword.groovy:68)
	at com.kms.katalon.core.keyword.internal.KeywordExecutor.executeKeywordForPlatform(KeywordExecutor.groovy:74)
	at com.kms.katalon.core.webui.keyword.WebUiBuiltInKeywords.verifyElementPresent(WebUiBuiltInKeywords.groovy:1448)
	at com.kms.katalon.core.webui.keyword.WebUiBuiltInKeywords$verifyElementPresent$8.call(Unknown Source)
	at Web App-Search data barang jaminan berdasarkan Status.run(Web App-Search data barang jaminan berdasarkan Status:99)
	at com.kms.katalon.core.main.ScriptEngine.run(ScriptEngine.java:194)
	at com.kms.katalon.core.main.ScriptEngine.runScriptAsRawText(ScriptEngine.java:119)
	at com.kms.katalon.core.main.TestCaseExecutor.runScript(TestCaseExecutor.java:448)
	at com.kms.katalon.core.main.TestCaseExecutor.doExecute(TestCaseExecutor.java:439)
	at com.kms.katalon.core.main.TestCaseExecutor.processExecutionPhase(TestCaseExecutor.java:418)
	at com.kms.katalon.core.main.TestCaseExecutor.accessMainPhase(TestCaseExecutor.java:410)
	at com.kms.katalon.core.main.TestCaseExecutor.execute(TestCaseExecutor.java:285)
	at com.kms.katalon.core.common.CommonExecutor.accessTestCaseMainPhase(CommonExecutor.java:65)
	at com.kms.katalon.core.main.TestSuiteExecutor.accessTestSuiteMainPhase(TestSuiteExecutor.java:148)
	at com.kms.katalon.core.main.TestSuiteExecutor.execute(TestSuiteExecutor.java:106)
	at com.kms.katalon.core.main.TestCaseMain.startTestSuite(TestCaseMain.java:187)
	at com.kms.katalon.core.main.TestCaseMain$startTestSuite$0.call(Unknown Source)
	at TempTestSuite1687105615870.run(TempTestSuite1687105615870.groovy:36)
)
[[ATTACHMENT|C:\\Users\\Lenovo\\Katalon Studio\\Inventory Management System\\Reports\\20230618_232654\\Test 1\\20230618_232655\\1687105720040.png]]

2023-06-18 23:28:40 - [TEST_STEP][PASSED] - click(findTestObject("Object Repository/Page_RFID - Inventory Management System/span_Dipinjam")): Object: 'Object Repository/Page_RFID - Inventory Management System/span_Dipinjam' is clicked on

2023-06-18 23:28:40 - [MESSAGE][PASSED] - Object: 'Object Repository/Page_RFID - Inventory Management System/span_Dipinjam' is clicked on

2023-06-18 23:28:40 - [TEST_STEP][PASSED] - click(findTestObject("Object Repository/Page_RFID - Inventory Management System/span_Checkout Tanpa Izin")): Object: 'Object Repository/Page_RFID - Inventory Management System/span_Checkout Tanpa Izin' is clicked on

2023-06-18 23:28:41 - [MESSAGE][PASSED] - Object: 'Object Repository/Page_RFID - Inventory Management System/span_Checkout Tanpa Izin' is clicked on

2023-06-18 23:28:41 - [TEST_STEP][PASSED] - click(findTestObject("Object Repository/Page_RFID - Inventory Management System/button_Cari")): Object: 'Object Repository/Page_RFID - Inventory Management System/button_Cari' is clicked on

2023-06-18 23:28:41 - [MESSAGE][PASSED] - Object: 'Object Repository/Page_RFID - Inventory Management System/button_Cari' is clicked on

2023-06-18 23:28:41 - [TEST_STEP][PASSED] - if (true): Actual text and expected text of test object 'Object Repository/Page_RFID - Inventory Management System/span_barang jaminan checkout tanpa ijin' are matched.

2023-06-18 23:28:41 - [TEST_STEP][PASSED] - verifyElementPresent(findTestObject("Object Repository/Page_RFID - Inventory Management System/div_1"), 5): Object 'Object Repository/Page_RFID - Inventory Management System/div_1' is present

2023-06-18 23:28:42 - [MESSAGE][PASSED] - Object 'Object Repository/Page_RFID - Inventory Management System/div_1' is present

2023-06-18 23:28:42 - [TEST_STEP][PASSED] - verifyElementText(findTestObject("Object Repository/Page_RFID - Inventory Management System/span_barang jaminan checkout tanpa ijin"), "barang jaminan checkout tanpa ijin"): Actual text and expected text of test object 'Object Repository/Page_RFID - Inventory Management System/span_barang jaminan checkout tanpa ijin' are matched.

2023-06-18 23:28:42 - [MESSAGE][PASSED] - Actual text and expected text of test object 'Object Repository/Page_RFID - Inventory Management System/span_barang jaminan checkout tanpa ijin' are matched.

2023-06-18 23:28:42 - [TEST_STEP][PASSED] - click(findTestObject("Object Repository/Page_RFID - Inventory Management System/span_Checkout Tanpa Izin")): Object: 'Object Repository/Page_RFID - Inventory Management System/span_Checkout Tanpa Izin' is clicked on

2023-06-18 23:28:43 - [MESSAGE][PASSED] - Object: 'Object Repository/Page_RFID - Inventory Management System/span_Checkout Tanpa Izin' is clicked on

2023-06-18 23:28:43 - [TEST_STEP][PASSED] - click(findTestObject("Object Repository/Page_RFID - Inventory Management System/span_Ditebus")): Object: 'Object Repository/Page_RFID - Inventory Management System/span_Ditebus' is clicked on

2023-06-18 23:28:43 - [MESSAGE][PASSED] - Object: 'Object Repository/Page_RFID - Inventory Management System/span_Ditebus' is clicked on

2023-06-18 23:28:43 - [TEST_STEP][PASSED] - click(findTestObject("Object Repository/Page_RFID - Inventory Management System/button_Cari")): Object: 'Object Repository/Page_RFID - Inventory Management System/button_Cari' is clicked on

2023-06-18 23:28:44 - [MESSAGE][PASSED] - Object: 'Object Repository/Page_RFID - Inventory Management System/button_Cari' is clicked on

2023-06-18 23:28:44 - [TEST_STEP][PASSED] - if (true): com.kms.katalon.core.webui.exception.WebElementNotFoundException: Web element with id: 'Object Repository/Page_RFID - Inventory Management System/div_1' located by '//div[@id='root']/div[2]/div/main/div[2]/div/div[3]/div/div[3]/div/div[2]/table/tbody/tr/td/div' not found (Root cause: com.kms.katalon.core.exception.StepFailedException: com.kms.katalon.core.webui.exception.WebElementNotFoundException: Web element with id: 'Object Repository/Page_RFID - Inventory Management System/div_1' located by '//div[@id='root']/div[2]/div/main/div[2]/div/div[3]/div/div[3]/div/div[2]/table/tbody/tr/td/div' not found
	at com.kms.katalon.core.webui.keyword.internal.WebUIKeywordMain.stepFailed(WebUIKeywordMain.groovy:64)
	at com.kms.katalon.core.webui.keyword.builtin.VerifyElementPresentKeyword$_verifyElementPresent_closure1.doCall(VerifyElementPresentKeyword.groovy:85)
	at com.kms.katalon.core.webui.keyword.builtin.VerifyElementPresentKeyword$_verifyElementPresent_closure1.call(VerifyElementPresentKeyword.groovy)
	at com.kms.katalon.core.webui.keyword.internal.WebUIKeywordMain.runKeyword(WebUIKeywordMain.groovy:20)
	at com.kms.katalon.core.webui.keyword.builtin.VerifyElementPresentKeyword.verifyElementPresent(VerifyElementPresentKeyword.groovy:92)
	at com.kms.katalon.core.webui.keyword.builtin.VerifyElementPresentKeyword.execute(VerifyElementPresentKeyword.groovy:68)
	at com.kms.katalon.core.keyword.internal.KeywordExecutor.executeKeywordForPlatform(KeywordExecutor.groovy:74)
	at com.kms.katalon.core.webui.keyword.WebUiBuiltInKeywords.verifyElementPresent(WebUiBuiltInKeywords.groovy:1448)
	at com.kms.katalon.core.webui.keyword.WebUiBuiltInKeywords$verifyElementPresent$8.call(Unknown Source)
	at Web App-Search data barang jaminan berdasarkan Status.run(Web App-Search data barang jaminan berdasarkan Status:122)
	at com.kms.katalon.core.main.ScriptEngine.run(ScriptEngine.java:194)
	at com.kms.katalon.core.main.ScriptEngine.runScriptAsRawText(ScriptEngine.java:119)
	at com.kms.katalon.core.main.TestCaseExecutor.runScript(TestCaseExecutor.java:448)
	at com.kms.katalon.core.main.TestCaseExecutor.doExecute(TestCaseExecutor.java:439)
	at com.kms.katalon.core.main.TestCaseExecutor.processExecutionPhase(TestCaseExecutor.java:418)
	at com.kms.katalon.core.main.TestCaseExecutor.accessMainPhase(TestCaseExecutor.java:410)
	at com.kms.katalon.core.main.TestCaseExecutor.execute(TestCaseExecutor.java:285)
	at com.kms.katalon.core.common.CommonExecutor.accessTestCaseMainPhase(CommonExecutor.java:65)
	at com.kms.katalon.core.main.TestSuiteExecutor.accessTestSuiteMainPhase(TestSuiteExecutor.java:148)
	at com.kms.katalon.core.main.TestSuiteExecutor.execute(TestSuiteExecutor.java:106)
	at com.kms.katalon.core.main.TestCaseMain.startTestSuite(TestCaseMain.java:187)
	at com.kms.katalon.core.main.TestCaseMain$startTestSuite$0.call(Unknown Source)
	at TempTestSuite1687105615870.run(TempTestSuite1687105615870.groovy:36)
)

2023-06-18 23:28:44 - [TEST_STEP][PASSED] - verifyElementPresent(findTestObject("Object Repository/Page_RFID - Inventory Management System/div_1"), 5, OPTIONAL): com.kms.katalon.core.webui.exception.WebElementNotFoundException: Web element with id: 'Object Repository/Page_RFID - Inventory Management System/div_1' located by '//div[@id='root']/div[2]/div/main/div[2]/div/div[3]/div/div[3]/div/div[2]/table/tbody/tr/td/div' not found (Root cause: com.kms.katalon.core.exception.StepFailedException: com.kms.katalon.core.webui.exception.WebElementNotFoundException: Web element with id: 'Object Repository/Page_RFID - Inventory Management System/div_1' located by '//div[@id='root']/div[2]/div/main/div[2]/div/div[3]/div/div[3]/div/div[2]/table/tbody/tr/td/div' not found
	at com.kms.katalon.core.webui.keyword.internal.WebUIKeywordMain.stepFailed(WebUIKeywordMain.groovy:64)
	at com.kms.katalon.core.webui.keyword.builtin.VerifyElementPresentKeyword$_verifyElementPresent_closure1.doCall(VerifyElementPresentKeyword.groovy:85)
	at com.kms.katalon.core.webui.keyword.builtin.VerifyElementPresentKeyword$_verifyElementPresent_closure1.call(VerifyElementPresentKeyword.groovy)
	at com.kms.katalon.core.webui.keyword.internal.WebUIKeywordMain.runKeyword(WebUIKeywordMain.groovy:20)
	at com.kms.katalon.core.webui.keyword.builtin.VerifyElementPresentKeyword.verifyElementPresent(VerifyElementPresentKeyword.groovy:92)
	at com.kms.katalon.core.webui.keyword.builtin.VerifyElementPresentKeyword.execute(VerifyElementPresentKeyword.groovy:68)
	at com.kms.katalon.core.keyword.internal.KeywordExecutor.executeKeywordForPlatform(KeywordExecutor.groovy:74)
	at com.kms.katalon.core.webui.keyword.WebUiBuiltInKeywords.verifyElementPresent(WebUiBuiltInKeywords.groovy:1448)
	at com.kms.katalon.core.webui.keyword.WebUiBuiltInKeywords$verifyElementPresent$8.call(Unknown Source)
	at Web App-Search data barang jaminan berdasarkan Status.run(Web App-Search data barang jaminan berdasarkan Status:122)
	at com.kms.katalon.core.main.ScriptEngine.run(ScriptEngine.java:194)
	at com.kms.katalon.core.main.ScriptEngine.runScriptAsRawText(ScriptEngine.java:119)
	at com.kms.katalon.core.main.TestCaseExecutor.runScript(TestCaseExecutor.java:448)
	at com.kms.katalon.core.main.TestCaseExecutor.doExecute(TestCaseExecutor.java:439)
	at com.kms.katalon.core.main.TestCaseExecutor.processExecutionPhase(TestCaseExecutor.java:418)
	at com.kms.katalon.core.main.TestCaseExecutor.accessMainPhase(TestCaseExecutor.java:410)
	at com.kms.katalon.core.main.TestCaseExecutor.execute(TestCaseExecutor.java:285)
	at com.kms.katalon.core.common.CommonExecutor.accessTestCaseMainPhase(CommonExecutor.java:65)
	at com.kms.katalon.core.main.TestSuiteExecutor.accessTestSuiteMainPhase(TestSuiteExecutor.java:148)
	at com.kms.katalon.core.main.TestSuiteExecutor.execute(TestSuiteExecutor.java:106)
	at com.kms.katalon.core.main.TestCaseMain.startTestSuite(TestCaseMain.java:187)
	at com.kms.katalon.core.main.TestCaseMain$startTestSuite$0.call(Unknown Source)
	at TempTestSuite1687105615870.run(TempTestSuite1687105615870.groovy:36)
)

2023-06-18 23:28:50 - [MESSAGE][INFO] - Unable to find the element located by 'By.xpath: //div[@id='root']/div[2]/div/main/div[2]/div/div[3]/div/div[3]/div/div[2]/table/tbody/tr/td/div'. Please recheck the objects properties to make sure the desired element is located. 

2023-06-18 23:28:50 - [MESSAGE][WARNING] - com.kms.katalon.core.webui.exception.WebElementNotFoundException: Web element with id: 'Object Repository/Page_RFID - Inventory Management System/div_1' located by '//div[@id='root']/div[2]/div/main/div[2]/div/div[3]/div/div[3]/div/div[2]/table/tbody/tr/td/div' not found (Root cause: com.kms.katalon.core.exception.StepFailedException: com.kms.katalon.core.webui.exception.WebElementNotFoundException: Web element with id: 'Object Repository/Page_RFID - Inventory Management System/div_1' located by '//div[@id='root']/div[2]/div/main/div[2]/div/div[3]/div/div[3]/div/div[2]/table/tbody/tr/td/div' not found
	at com.kms.katalon.core.webui.keyword.internal.WebUIKeywordMain.stepFailed(WebUIKeywordMain.groovy:64)
	at com.kms.katalon.core.webui.keyword.builtin.VerifyElementPresentKeyword$_verifyElementPresent_closure1.doCall(VerifyElementPresentKeyword.groovy:85)
	at com.kms.katalon.core.webui.keyword.builtin.VerifyElementPresentKeyword$_verifyElementPresent_closure1.call(VerifyElementPresentKeyword.groovy)
	at com.kms.katalon.core.webui.keyword.internal.WebUIKeywordMain.runKeyword(WebUIKeywordMain.groovy:20)
	at com.kms.katalon.core.webui.keyword.builtin.VerifyElementPresentKeyword.verifyElementPresent(VerifyElementPresentKeyword.groovy:92)
	at com.kms.katalon.core.webui.keyword.builtin.VerifyElementPresentKeyword.execute(VerifyElementPresentKeyword.groovy:68)
	at com.kms.katalon.core.keyword.internal.KeywordExecutor.executeKeywordForPlatform(KeywordExecutor.groovy:74)
	at com.kms.katalon.core.webui.keyword.WebUiBuiltInKeywords.verifyElementPresent(WebUiBuiltInKeywords.groovy:1448)
	at com.kms.katalon.core.webui.keyword.WebUiBuiltInKeywords$verifyElementPresent$8.call(Unknown Source)
	at Web App-Search data barang jaminan berdasarkan Status.run(Web App-Search data barang jaminan berdasarkan Status:122)
	at com.kms.katalon.core.main.ScriptEngine.run(ScriptEngine.java:194)
	at com.kms.katalon.core.main.ScriptEngine.runScriptAsRawText(ScriptEngine.java:119)
	at com.kms.katalon.core.main.TestCaseExecutor.runScript(TestCaseExecutor.java:448)
	at com.kms.katalon.core.main.TestCaseExecutor.doExecute(TestCaseExecutor.java:439)
	at com.kms.katalon.core.main.TestCaseExecutor.processExecutionPhase(TestCaseExecutor.java:418)
	at com.kms.katalon.core.main.TestCaseExecutor.accessMainPhase(TestCaseExecutor.java:410)
	at com.kms.katalon.core.main.TestCaseExecutor.execute(TestCaseExecutor.java:285)
	at com.kms.katalon.core.common.CommonExecutor.accessTestCaseMainPhase(CommonExecutor.java:65)
	at com.kms.katalon.core.main.TestSuiteExecutor.accessTestSuiteMainPhase(TestSuiteExecutor.java:148)
	at com.kms.katalon.core.main.TestSuiteExecutor.execute(TestSuiteExecutor.java:106)
	at com.kms.katalon.core.main.TestCaseMain.startTestSuite(TestCaseMain.java:187)
	at com.kms.katalon.core.main.TestCaseMain$startTestSuite$0.call(Unknown Source)
	at TempTestSuite1687105615870.run(TempTestSuite1687105615870.groovy:36)
)
[[ATTACHMENT|C:\\Users\\Lenovo\\Katalon Studio\\Inventory Management System\\Reports\\20230618_232654\\Test 1\\20230618_232655\\1687105730228.png]]

2023-06-18 23:28:50 - [TEST_STEP][PASSED] - click(findTestObject("Object Repository/Page_RFID - Inventory Management System/span_Ditebus")): Object: 'Object Repository/Page_RFID - Inventory Management System/span_Ditebus' is clicked on

2023-06-18 23:28:50 - [MESSAGE][PASSED] - Object: 'Object Repository/Page_RFID - Inventory Management System/span_Ditebus' is clicked on

2023-06-18 23:28:50 - [TEST_STEP][PASSED] - click(findTestObject("Object Repository/Page_RFID - Inventory Management System/span_Diambil")): Object: 'Object Repository/Page_RFID - Inventory Management System/span_Diambil' is clicked on

2023-06-18 23:28:51 - [MESSAGE][PASSED] - Object: 'Object Repository/Page_RFID - Inventory Management System/span_Diambil' is clicked on

2023-06-18 23:28:51 - [TEST_STEP][PASSED] - click(findTestObject("Object Repository/Page_RFID - Inventory Management System/button_Cari")): Object: 'Object Repository/Page_RFID - Inventory Management System/button_Cari' is clicked on

2023-06-18 23:28:51 - [MESSAGE][PASSED] - Object: 'Object Repository/Page_RFID - Inventory Management System/button_Cari' is clicked on

2023-06-18 23:28:51 - [TEST_STEP][PASSED] - if (true): com.kms.katalon.core.webui.exception.WebElementNotFoundException: Web element with id: 'Object Repository/Page_RFID - Inventory Management System/div_1' located by '//div[@id='root']/div[2]/div/main/div[2]/div/div[3]/div/div[3]/div/div[2]/table/tbody/tr/td/div' not found (Root cause: com.kms.katalon.core.exception.StepFailedException: com.kms.katalon.core.webui.exception.WebElementNotFoundException: Web element with id: 'Object Repository/Page_RFID - Inventory Management System/div_1' located by '//div[@id='root']/div[2]/div/main/div[2]/div/div[3]/div/div[3]/div/div[2]/table/tbody/tr/td/div' not found
	at com.kms.katalon.core.webui.keyword.internal.WebUIKeywordMain.stepFailed(WebUIKeywordMain.groovy:64)
	at com.kms.katalon.core.webui.keyword.builtin.VerifyElementPresentKeyword$_verifyElementPresent_closure1.doCall(VerifyElementPresentKeyword.groovy:85)
	at com.kms.katalon.core.webui.keyword.builtin.VerifyElementPresentKeyword$_verifyElementPresent_closure1.call(VerifyElementPresentKeyword.groovy)
	at com.kms.katalon.core.webui.keyword.internal.WebUIKeywordMain.runKeyword(WebUIKeywordMain.groovy:20)
	at com.kms.katalon.core.webui.keyword.builtin.VerifyElementPresentKeyword.verifyElementPresent(VerifyElementPresentKeyword.groovy:92)
	at com.kms.katalon.core.webui.keyword.builtin.VerifyElementPresentKeyword.execute(VerifyElementPresentKeyword.groovy:68)
	at com.kms.katalon.core.keyword.internal.KeywordExecutor.executeKeywordForPlatform(KeywordExecutor.groovy:74)
	at com.kms.katalon.core.webui.keyword.WebUiBuiltInKeywords.verifyElementPresent(WebUiBuiltInKeywords.groovy:1448)
	at com.kms.katalon.core.webui.keyword.WebUiBuiltInKeywords$verifyElementPresent$8.call(Unknown Source)
	at Web App-Search data barang jaminan berdasarkan Status.run(Web App-Search data barang jaminan berdasarkan Status:132)
	at com.kms.katalon.core.main.ScriptEngine.run(ScriptEngine.java:194)
	at com.kms.katalon.core.main.ScriptEngine.runScriptAsRawText(ScriptEngine.java:119)
	at com.kms.katalon.core.main.TestCaseExecutor.runScript(TestCaseExecutor.java:448)
	at com.kms.katalon.core.main.TestCaseExecutor.doExecute(TestCaseExecutor.java:439)
	at com.kms.katalon.core.main.TestCaseExecutor.processExecutionPhase(TestCaseExecutor.java:418)
	at com.kms.katalon.core.main.TestCaseExecutor.accessMainPhase(TestCaseExecutor.java:410)
	at com.kms.katalon.core.main.TestCaseExecutor.execute(TestCaseExecutor.java:285)
	at com.kms.katalon.core.common.CommonExecutor.accessTestCaseMainPhase(CommonExecutor.java:65)
	at com.kms.katalon.core.main.TestSuiteExecutor.accessTestSuiteMainPhase(TestSuiteExecutor.java:148)
	at com.kms.katalon.core.main.TestSuiteExecutor.execute(TestSuiteExecutor.java:106)
	at com.kms.katalon.core.main.TestCaseMain.startTestSuite(TestCaseMain.java:187)
	at com.kms.katalon.core.main.TestCaseMain$startTestSuite$0.call(Unknown Source)
	at TempTestSuite1687105615870.run(TempTestSuite1687105615870.groovy:36)
)

2023-06-18 23:28:51 - [TEST_STEP][PASSED] - verifyElementPresent(findTestObject("Object Repository/Page_RFID - Inventory Management System/div_1"), 5, OPTIONAL): com.kms.katalon.core.webui.exception.WebElementNotFoundException: Web element with id: 'Object Repository/Page_RFID - Inventory Management System/div_1' located by '//div[@id='root']/div[2]/div/main/div[2]/div/div[3]/div/div[3]/div/div[2]/table/tbody/tr/td/div' not found (Root cause: com.kms.katalon.core.exception.StepFailedException: com.kms.katalon.core.webui.exception.WebElementNotFoundException: Web element with id: 'Object Repository/Page_RFID - Inventory Management System/div_1' located by '//div[@id='root']/div[2]/div/main/div[2]/div/div[3]/div/div[3]/div/div[2]/table/tbody/tr/td/div' not found
	at com.kms.katalon.core.webui.keyword.internal.WebUIKeywordMain.stepFailed(WebUIKeywordMain.groovy:64)
	at com.kms.katalon.core.webui.keyword.builtin.VerifyElementPresentKeyword$_verifyElementPresent_closure1.doCall(VerifyElementPresentKeyword.groovy:85)
	at com.kms.katalon.core.webui.keyword.builtin.VerifyElementPresentKeyword$_verifyElementPresent_closure1.call(VerifyElementPresentKeyword.groovy)
	at com.kms.katalon.core.webui.keyword.internal.WebUIKeywordMain.runKeyword(WebUIKeywordMain.groovy:20)
	at com.kms.katalon.core.webui.keyword.builtin.VerifyElementPresentKeyword.verifyElementPresent(VerifyElementPresentKeyword.groovy:92)
	at com.kms.katalon.core.webui.keyword.builtin.VerifyElementPresentKeyword.execute(VerifyElementPresentKeyword.groovy:68)
	at com.kms.katalon.core.keyword.internal.KeywordExecutor.executeKeywordForPlatform(KeywordExecutor.groovy:74)
	at com.kms.katalon.core.webui.keyword.WebUiBuiltInKeywords.verifyElementPresent(WebUiBuiltInKeywords.groovy:1448)
	at com.kms.katalon.core.webui.keyword.WebUiBuiltInKeywords$verifyElementPresent$8.call(Unknown Source)
	at Web App-Search data barang jaminan berdasarkan Status.run(Web App-Search data barang jaminan berdasarkan Status:132)
	at com.kms.katalon.core.main.ScriptEngine.run(ScriptEngine.java:194)
	at com.kms.katalon.core.main.ScriptEngine.runScriptAsRawText(ScriptEngine.java:119)
	at com.kms.katalon.core.main.TestCaseExecutor.runScript(TestCaseExecutor.java:448)
	at com.kms.katalon.core.main.TestCaseExecutor.doExecute(TestCaseExecutor.java:439)
	at com.kms.katalon.core.main.TestCaseExecutor.processExecutionPhase(TestCaseExecutor.java:418)
	at com.kms.katalon.core.main.TestCaseExecutor.accessMainPhase(TestCaseExecutor.java:410)
	at com.kms.katalon.core.main.TestCaseExecutor.execute(TestCaseExecutor.java:285)
	at com.kms.katalon.core.common.CommonExecutor.accessTestCaseMainPhase(CommonExecutor.java:65)
	at com.kms.katalon.core.main.TestSuiteExecutor.accessTestSuiteMainPhase(TestSuiteExecutor.java:148)
	at com.kms.katalon.core.main.TestSuiteExecutor.execute(TestSuiteExecutor.java:106)
	at com.kms.katalon.core.main.TestCaseMain.startTestSuite(TestCaseMain.java:187)
	at com.kms.katalon.core.main.TestCaseMain$startTestSuite$0.call(Unknown Source)
	at TempTestSuite1687105615870.run(TempTestSuite1687105615870.groovy:36)
)

2023-06-18 23:28:57 - [MESSAGE][INFO] - Unable to find the element located by 'By.xpath: //div[@id='root']/div[2]/div/main/div[2]/div/div[3]/div/div[3]/div/div[2]/table/tbody/tr/td/div'. Please recheck the objects properties to make sure the desired element is located. 

2023-06-18 23:28:58 - [MESSAGE][WARNING] - com.kms.katalon.core.webui.exception.WebElementNotFoundException: Web element with id: 'Object Repository/Page_RFID - Inventory Management System/div_1' located by '//div[@id='root']/div[2]/div/main/div[2]/div/div[3]/div/div[3]/div/div[2]/table/tbody/tr/td/div' not found (Root cause: com.kms.katalon.core.exception.StepFailedException: com.kms.katalon.core.webui.exception.WebElementNotFoundException: Web element with id: 'Object Repository/Page_RFID - Inventory Management System/div_1' located by '//div[@id='root']/div[2]/div/main/div[2]/div/div[3]/div/div[3]/div/div[2]/table/tbody/tr/td/div' not found
	at com.kms.katalon.core.webui.keyword.internal.WebUIKeywordMain.stepFailed(WebUIKeywordMain.groovy:64)
	at com.kms.katalon.core.webui.keyword.builtin.VerifyElementPresentKeyword$_verifyElementPresent_closure1.doCall(VerifyElementPresentKeyword.groovy:85)
	at com.kms.katalon.core.webui.keyword.builtin.VerifyElementPresentKeyword$_verifyElementPresent_closure1.call(VerifyElementPresentKeyword.groovy)
	at com.kms.katalon.core.webui.keyword.internal.WebUIKeywordMain.runKeyword(WebUIKeywordMain.groovy:20)
	at com.kms.katalon.core.webui.keyword.builtin.VerifyElementPresentKeyword.verifyElementPresent(VerifyElementPresentKeyword.groovy:92)
	at com.kms.katalon.core.webui.keyword.builtin.VerifyElementPresentKeyword.execute(VerifyElementPresentKeyword.groovy:68)
	at com.kms.katalon.core.keyword.internal.KeywordExecutor.executeKeywordForPlatform(KeywordExecutor.groovy:74)
	at com.kms.katalon.core.webui.keyword.WebUiBuiltInKeywords.verifyElementPresent(WebUiBuiltInKeywords.groovy:1448)
	at com.kms.katalon.core.webui.keyword.WebUiBuiltInKeywords$verifyElementPresent$8.call(Unknown Source)
	at Web App-Search data barang jaminan berdasarkan Status.run(Web App-Search data barang jaminan berdasarkan Status:132)
	at com.kms.katalon.core.main.ScriptEngine.run(ScriptEngine.java:194)
	at com.kms.katalon.core.main.ScriptEngine.runScriptAsRawText(ScriptEngine.java:119)
	at com.kms.katalon.core.main.TestCaseExecutor.runScript(TestCaseExecutor.java:448)
	at com.kms.katalon.core.main.TestCaseExecutor.doExecute(TestCaseExecutor.java:439)
	at com.kms.katalon.core.main.TestCaseExecutor.processExecutionPhase(TestCaseExecutor.java:418)
	at com.kms.katalon.core.main.TestCaseExecutor.accessMainPhase(TestCaseExecutor.java:410)
	at com.kms.katalon.core.main.TestCaseExecutor.execute(TestCaseExecutor.java:285)
	at com.kms.katalon.core.common.CommonExecutor.accessTestCaseMainPhase(CommonExecutor.java:65)
	at com.kms.katalon.core.main.TestSuiteExecutor.accessTestSuiteMainPhase(TestSuiteExecutor.java:148)
	at com.kms.katalon.core.main.TestSuiteExecutor.execute(TestSuiteExecutor.java:106)
	at com.kms.katalon.core.main.TestCaseMain.startTestSuite(TestCaseMain.java:187)
	at com.kms.katalon.core.main.TestCaseMain$startTestSuite$0.call(Unknown Source)
	at TempTestSuite1687105615870.run(TempTestSuite1687105615870.groovy:36)
)
[[ATTACHMENT|C:\\Users\\Lenovo\\Katalon Studio\\Inventory Management System\\Reports\\20230618_232654\\Test 1\\20230618_232655\\1687105737842.png]]

2023-06-18 23:28:58 - [TEST_STEP][PASSED] - click(findTestObject("Object Repository/Page_RFID - Inventory Management System/span_Diambil")): Object: 'Object Repository/Page_RFID - Inventory Management System/span_Diambil' is clicked on

2023-06-18 23:28:58 - [MESSAGE][PASSED] - Object: 'Object Repository/Page_RFID - Inventory Management System/span_Diambil' is clicked on

2023-06-18 23:28:58 - [TEST_STEP][PASSED] - click(findTestObject("Object Repository/Page_RFID - Inventory Management System/span_Dikoreksi")): Object: 'Object Repository/Page_RFID - Inventory Management System/span_Dikoreksi' is clicked on

2023-06-18 23:28:58 - [MESSAGE][PASSED] - Object: 'Object Repository/Page_RFID - Inventory Management System/span_Dikoreksi' is clicked on

2023-06-18 23:28:58 - [TEST_STEP][PASSED] - click(findTestObject("Object Repository/Page_RFID - Inventory Management System/button_Cari")): Object: 'Object Repository/Page_RFID - Inventory Management System/button_Cari' is clicked on

2023-06-18 23:28:59 - [MESSAGE][PASSED] - Object: 'Object Repository/Page_RFID - Inventory Management System/button_Cari' is clicked on

2023-06-18 23:28:59 - [TEST_STEP][PASSED] - if (true): Actual text and expected text of test object 'Object Repository/Page_RFID - Inventory Management System/span_barang jaminan dikoreksi' are matched.

2023-06-18 23:28:59 - [TEST_STEP][PASSED] - verifyElementPresent(findTestObject("Object Repository/Page_RFID - Inventory Management System/div_1"), 0): Object 'Object Repository/Page_RFID - Inventory Management System/div_1' is present

2023-06-18 23:28:59 - [MESSAGE][WARNING] - Timeout '0' is invalid. Using default page load timeout: '30'

2023-06-18 23:28:59 - [MESSAGE][PASSED] - Object 'Object Repository/Page_RFID - Inventory Management System/div_1' is present

2023-06-18 23:28:59 - [TEST_STEP][PASSED] - verifyElementText(findTestObject("Object Repository/Page_RFID - Inventory Management System/span_barang jaminan dikoreksi"), "barang jaminan dikoreksi"): Actual text and expected text of test object 'Object Repository/Page_RFID - Inventory Management System/span_barang jaminan dikoreksi' are matched.

2023-06-18 23:29:00 - [MESSAGE][PASSED] - Actual text and expected text of test object 'Object Repository/Page_RFID - Inventory Management System/span_barang jaminan dikoreksi' are matched.

2023-06-18 23:29:00 - [TEST_STEP][PASSED] - click(findTestObject("Object Repository/Page_RFID - Inventory Management System/span_Dikoreksi")): Object: 'Object Repository/Page_RFID - Inventory Management System/span_Dikoreksi' is clicked on

2023-06-18 23:29:00 - [MESSAGE][PASSED] - Object: 'Object Repository/Page_RFID - Inventory Management System/span_Dikoreksi' is clicked on

2023-06-18 23:29:00 - [TEST_STEP][PASSED] - click(findTestObject("Object Repository/Page_RFID - Inventory Management System/span_Kadaluwarsa")): Object: 'Object Repository/Page_RFID - Inventory Management System/span_Kadaluwarsa' is clicked on

2023-06-18 23:29:01 - [MESSAGE][PASSED] - Object: 'Object Repository/Page_RFID - Inventory Management System/span_Kadaluwarsa' is clicked on

2023-06-18 23:29:01 - [TEST_STEP][PASSED] - click(findTestObject("Object Repository/Page_RFID - Inventory Management System/button_Cari")): Object: 'Object Repository/Page_RFID - Inventory Management System/button_Cari' is clicked on

2023-06-18 23:29:01 - [MESSAGE][PASSED] - Object: 'Object Repository/Page_RFID - Inventory Management System/button_Cari' is clicked on

2023-06-18 23:29:01 - [TEST_STEP][PASSED] - if (true): com.kms.katalon.core.webui.exception.WebElementNotFoundException: Web element with id: 'Object Repository/Page_RFID - Inventory Management System/div_1' located by '//div[@id='root']/div[2]/div/main/div[2]/div/div[3]/div/div[3]/div/div[2]/table/tbody/tr/td/div' not found (Root cause: com.kms.katalon.core.exception.StepFailedException: com.kms.katalon.core.webui.exception.WebElementNotFoundException: Web element with id: 'Object Repository/Page_RFID - Inventory Management System/div_1' located by '//div[@id='root']/div[2]/div/main/div[2]/div/div[3]/div/div[3]/div/div[2]/table/tbody/tr/td/div' not found
	at com.kms.katalon.core.webui.keyword.internal.WebUIKeywordMain.stepFailed(WebUIKeywordMain.groovy:64)
	at com.kms.katalon.core.webui.keyword.builtin.VerifyElementPresentKeyword$_verifyElementPresent_closure1.doCall(VerifyElementPresentKeyword.groovy:85)
	at com.kms.katalon.core.webui.keyword.builtin.VerifyElementPresentKeyword$_verifyElementPresent_closure1.call(VerifyElementPresentKeyword.groovy)
	at com.kms.katalon.core.webui.keyword.internal.WebUIKeywordMain.runKeyword(WebUIKeywordMain.groovy:20)
	at com.kms.katalon.core.webui.keyword.builtin.VerifyElementPresentKeyword.verifyElementPresent(VerifyElementPresentKeyword.groovy:92)
	at com.kms.katalon.core.webui.keyword.builtin.VerifyElementPresentKeyword.execute(VerifyElementPresentKeyword.groovy:68)
	at com.kms.katalon.core.keyword.internal.KeywordExecutor.executeKeywordForPlatform(KeywordExecutor.groovy:74)
	at com.kms.katalon.core.webui.keyword.WebUiBuiltInKeywords.verifyElementPresent(WebUiBuiltInKeywords.groovy:1448)
	at com.kms.katalon.core.webui.keyword.WebUiBuiltInKeywords$verifyElementPresent$8.call(Unknown Source)
	at Web App-Search data barang jaminan berdasarkan Status.run(Web App-Search data barang jaminan berdasarkan Status:155)
	at com.kms.katalon.core.main.ScriptEngine.run(ScriptEngine.java:194)
	at com.kms.katalon.core.main.ScriptEngine.runScriptAsRawText(ScriptEngine.java:119)
	at com.kms.katalon.core.main.TestCaseExecutor.runScript(TestCaseExecutor.java:448)
	at com.kms.katalon.core.main.TestCaseExecutor.doExecute(TestCaseExecutor.java:439)
	at com.kms.katalon.core.main.TestCaseExecutor.processExecutionPhase(TestCaseExecutor.java:418)
	at com.kms.katalon.core.main.TestCaseExecutor.accessMainPhase(TestCaseExecutor.java:410)
	at com.kms.katalon.core.main.TestCaseExecutor.execute(TestCaseExecutor.java:285)
	at com.kms.katalon.core.common.CommonExecutor.accessTestCaseMainPhase(CommonExecutor.java:65)
	at com.kms.katalon.core.main.TestSuiteExecutor.accessTestSuiteMainPhase(TestSuiteExecutor.java:148)
	at com.kms.katalon.core.main.TestSuiteExecutor.execute(TestSuiteExecutor.java:106)
	at com.kms.katalon.core.main.TestCaseMain.startTestSuite(TestCaseMain.java:187)
	at com.kms.katalon.core.main.TestCaseMain$startTestSuite$0.call(Unknown Source)
	at TempTestSuite1687105615870.run(TempTestSuite1687105615870.groovy:36)
)

2023-06-18 23:29:01 - [TEST_STEP][PASSED] - verifyElementPresent(findTestObject("Object Repository/Page_RFID - Inventory Management System/div_1"), 5, OPTIONAL): com.kms.katalon.core.webui.exception.WebElementNotFoundException: Web element with id: 'Object Repository/Page_RFID - Inventory Management System/div_1' located by '//div[@id='root']/div[2]/div/main/div[2]/div/div[3]/div/div[3]/div/div[2]/table/tbody/tr/td/div' not found (Root cause: com.kms.katalon.core.exception.StepFailedException: com.kms.katalon.core.webui.exception.WebElementNotFoundException: Web element with id: 'Object Repository/Page_RFID - Inventory Management System/div_1' located by '//div[@id='root']/div[2]/div/main/div[2]/div/div[3]/div/div[3]/div/div[2]/table/tbody/tr/td/div' not found
	at com.kms.katalon.core.webui.keyword.internal.WebUIKeywordMain.stepFailed(WebUIKeywordMain.groovy:64)
	at com.kms.katalon.core.webui.keyword.builtin.VerifyElementPresentKeyword$_verifyElementPresent_closure1.doCall(VerifyElementPresentKeyword.groovy:85)
	at com.kms.katalon.core.webui.keyword.builtin.VerifyElementPresentKeyword$_verifyElementPresent_closure1.call(VerifyElementPresentKeyword.groovy)
	at com.kms.katalon.core.webui.keyword.internal.WebUIKeywordMain.runKeyword(WebUIKeywordMain.groovy:20)
	at com.kms.katalon.core.webui.keyword.builtin.VerifyElementPresentKeyword.verifyElementPresent(VerifyElementPresentKeyword.groovy:92)
	at com.kms.katalon.core.webui.keyword.builtin.VerifyElementPresentKeyword.execute(VerifyElementPresentKeyword.groovy:68)
	at com.kms.katalon.core.keyword.internal.KeywordExecutor.executeKeywordForPlatform(KeywordExecutor.groovy:74)
	at com.kms.katalon.core.webui.keyword.WebUiBuiltInKeywords.verifyElementPresent(WebUiBuiltInKeywords.groovy:1448)
	at com.kms.katalon.core.webui.keyword.WebUiBuiltInKeywords$verifyElementPresent$8.call(Unknown Source)
	at Web App-Search data barang jaminan berdasarkan Status.run(Web App-Search data barang jaminan berdasarkan Status:155)
	at com.kms.katalon.core.main.ScriptEngine.run(ScriptEngine.java:194)
	at com.kms.katalon.core.main.ScriptEngine.runScriptAsRawText(ScriptEngine.java:119)
	at com.kms.katalon.core.main.TestCaseExecutor.runScript(TestCaseExecutor.java:448)
	at com.kms.katalon.core.main.TestCaseExecutor.doExecute(TestCaseExecutor.java:439)
	at com.kms.katalon.core.main.TestCaseExecutor.processExecutionPhase(TestCaseExecutor.java:418)
	at com.kms.katalon.core.main.TestCaseExecutor.accessMainPhase(TestCaseExecutor.java:410)
	at com.kms.katalon.core.main.TestCaseExecutor.execute(TestCaseExecutor.java:285)
	at com.kms.katalon.core.common.CommonExecutor.accessTestCaseMainPhase(CommonExecutor.java:65)
	at com.kms.katalon.core.main.TestSuiteExecutor.accessTestSuiteMainPhase(TestSuiteExecutor.java:148)
	at com.kms.katalon.core.main.TestSuiteExecutor.execute(TestSuiteExecutor.java:106)
	at com.kms.katalon.core.main.TestCaseMain.startTestSuite(TestCaseMain.java:187)
	at com.kms.katalon.core.main.TestCaseMain$startTestSuite$0.call(Unknown Source)
	at TempTestSuite1687105615870.run(TempTestSuite1687105615870.groovy:36)
)

2023-06-18 23:29:07 - [MESSAGE][INFO] - Unable to find the element located by 'By.xpath: //div[@id='root']/div[2]/div/main/div[2]/div/div[3]/div/div[3]/div/div[2]/table/tbody/tr/td/div'. Please recheck the objects properties to make sure the desired element is located. 

2023-06-18 23:29:08 - [MESSAGE][WARNING] - com.kms.katalon.core.webui.exception.WebElementNotFoundException: Web element with id: 'Object Repository/Page_RFID - Inventory Management System/div_1' located by '//div[@id='root']/div[2]/div/main/div[2]/div/div[3]/div/div[3]/div/div[2]/table/tbody/tr/td/div' not found (Root cause: com.kms.katalon.core.exception.StepFailedException: com.kms.katalon.core.webui.exception.WebElementNotFoundException: Web element with id: 'Object Repository/Page_RFID - Inventory Management System/div_1' located by '//div[@id='root']/div[2]/div/main/div[2]/div/div[3]/div/div[3]/div/div[2]/table/tbody/tr/td/div' not found
	at com.kms.katalon.core.webui.keyword.internal.WebUIKeywordMain.stepFailed(WebUIKeywordMain.groovy:64)
	at com.kms.katalon.core.webui.keyword.builtin.VerifyElementPresentKeyword$_verifyElementPresent_closure1.doCall(VerifyElementPresentKeyword.groovy:85)
	at com.kms.katalon.core.webui.keyword.builtin.VerifyElementPresentKeyword$_verifyElementPresent_closure1.call(VerifyElementPresentKeyword.groovy)
	at com.kms.katalon.core.webui.keyword.internal.WebUIKeywordMain.runKeyword(WebUIKeywordMain.groovy:20)
	at com.kms.katalon.core.webui.keyword.builtin.VerifyElementPresentKeyword.verifyElementPresent(VerifyElementPresentKeyword.groovy:92)
	at com.kms.katalon.core.webui.keyword.builtin.VerifyElementPresentKeyword.execute(VerifyElementPresentKeyword.groovy:68)
	at com.kms.katalon.core.keyword.internal.KeywordExecutor.executeKeywordForPlatform(KeywordExecutor.groovy:74)
	at com.kms.katalon.core.webui.keyword.WebUiBuiltInKeywords.verifyElementPresent(WebUiBuiltInKeywords.groovy:1448)
	at com.kms.katalon.core.webui.keyword.WebUiBuiltInKeywords$verifyElementPresent$8.call(Unknown Source)
	at Web App-Search data barang jaminan berdasarkan Status.run(Web App-Search data barang jaminan berdasarkan Status:155)
	at com.kms.katalon.core.main.ScriptEngine.run(ScriptEngine.java:194)
	at com.kms.katalon.core.main.ScriptEngine.runScriptAsRawText(ScriptEngine.java:119)
	at com.kms.katalon.core.main.TestCaseExecutor.runScript(TestCaseExecutor.java:448)
	at com.kms.katalon.core.main.TestCaseExecutor.doExecute(TestCaseExecutor.java:439)
	at com.kms.katalon.core.main.TestCaseExecutor.processExecutionPhase(TestCaseExecutor.java:418)
	at com.kms.katalon.core.main.TestCaseExecutor.accessMainPhase(TestCaseExecutor.java:410)
	at com.kms.katalon.core.main.TestCaseExecutor.execute(TestCaseExecutor.java:285)
	at com.kms.katalon.core.common.CommonExecutor.accessTestCaseMainPhase(CommonExecutor.java:65)
	at com.kms.katalon.core.main.TestSuiteExecutor.accessTestSuiteMainPhase(TestSuiteExecutor.java:148)
	at com.kms.katalon.core.main.TestSuiteExecutor.execute(TestSuiteExecutor.java:106)
	at com.kms.katalon.core.main.TestCaseMain.startTestSuite(TestCaseMain.java:187)
	at com.kms.katalon.core.main.TestCaseMain$startTestSuite$0.call(Unknown Source)
	at TempTestSuite1687105615870.run(TempTestSuite1687105615870.groovy:36)
)
[[ATTACHMENT|C:\\Users\\Lenovo\\Katalon Studio\\Inventory Management System\\Reports\\20230618_232654\\Test 1\\20230618_232655\\1687105747897.png]]]]></system-out>
         <system-err><![CDATA[]]></system-err>
      </testcase>
      <testcase name="Test Cases/Web App-Search data barang jaminan berdasarkan tanggal kontrak" time="12.364" classname="Test Cases/Web App-Search data barang jaminan berdasarkan tanggal kontrak" status="PASSED">
         <system-out><![CDATA[2023-06-18 23:29:08 - [TEST_CASE][PASSED] - Test Cases/Web App-Search data barang jaminan berdasarkan tanggal kontrak: Test Cases/Web App-Search data barang jaminan berdasarkan tanggal kontrak

2023-06-18 23:29:08 - [TEST_STEP][PASSED] - callTestCase(findTestCase("Web App-Melihat Halaman Inventory"), [:], STOP_ON_FAILURE): Call Test Case 'Test Cases/Web App-Melihat Halaman Inventory' successfully

2023-06-18 23:29:08 - [TEST_CASE][PASSED] - Test Cases/Web App-Melihat Halaman Inventory: Test Cases/Web App-Melihat Halaman Inventory

2023-06-18 23:29:08 - [TEST_STEP][PASSED] - callTestCase(findTestCase("Web App-Login berhasil"), [:], STOP_ON_FAILURE): Call Test Case 'Test Cases/Web App-Login berhasil' successfully

2023-06-18 23:29:08 - [TEST_CASE][PASSED] - Test Cases/Web App-Login berhasil: Test Cases/Web App-Login berhasil

2023-06-18 23:29:08 - [TEST_STEP][PASSED] - openBrowser(""): Browser is opened with url: ''

2023-06-18 23:29:08 - [MESSAGE][WARNING] - A browser is already opened. Closing browser and opening a new one

2023-06-18 23:29:09 - [MESSAGE][INFO] - Starting 'Chrome' driver

2023-06-18 23:29:09 - [MESSAGE][INFO] - Action delay is set to 0 milliseconds

2023-06-18 23:29:10 - [MESSAGE][PASSED] - Browser is opened with url: ''

2023-06-18 23:29:10 - [TEST_STEP][PASSED] - navigateToUrl("https://pegadaian.cloudias79.com/#/"): Navigate to 'https://pegadaian.cloudias79.com/#/' successfully

2023-06-18 23:29:11 - [MESSAGE][PASSED] - Navigate to 'https://pegadaian.cloudias79.com/#/' successfully

2023-06-18 23:29:11 - [TEST_STEP][PASSED] - maximizeWindow(): Current window maximized

2023-06-18 23:29:11 - [MESSAGE][PASSED] - Current window maximized

2023-06-18 23:29:11 - [TEST_STEP][PASSED] - setText(findTestObject("Page_RFID - Inventory Management System/input_Login_username"), "P29901"): Text 'P29901' is set on object 'Object Repository/Page_RFID - Inventory Management System/input_Login_username'

2023-06-18 23:29:11 - [MESSAGE][PASSED] - Text 'P29901' is set on object 'Object Repository/Page_RFID - Inventory Management System/input_Login_username'

2023-06-18 23:29:11 - [TEST_STEP][PASSED] - setEncryptedText(findTestObject("Page_RFID - Inventory Management System/input_Login_password"), "YFZfyx+NhJE="): Text ****** has been set on object 'Object Repository/Page_RFID - Inventory Management System/input_Login_password'

2023-06-18 23:29:12 - [MESSAGE][PASSED] - Text ****** has been set on object 'Object Repository/Page_RFID - Inventory Management System/input_Login_password'

2023-06-18 23:29:12 - [TEST_STEP][PASSED] - click(findTestObject("Object Repository/Page_RFID - Inventory Management System/button_Login")): Object: 'Object Repository/Page_RFID - Inventory Management System/button_Login' is clicked on

2023-06-18 23:29:12 - [MESSAGE][PASSED] - Object: 'Object Repository/Page_RFID - Inventory Management System/button_Login' is clicked on

2023-06-18 23:29:12 - [TEST_STEP][PASSED] - waitForElementVisible(findTestObject("Object Repository/Page_RFID - Inventory Management System/h4_Inventory Management System"), 5): Object 'Object Repository/Page_RFID - Inventory Management System/h4_Inventory Management System' is visible

2023-06-18 23:29:17 - [MESSAGE][PASSED] - Object 'Object Repository/Page_RFID - Inventory Management System/h4_Inventory Management System' is visible

2023-06-18 23:29:17 - [MESSAGE][PASSED] - Call Test Case 'Test Cases/Web App-Login berhasil' successfully

2023-06-18 23:29:17 - [TEST_STEP][PASSED] - click(findTestObject("Object Repository/Page_RFID - Inventory Management System/a_Inventory")): Object: 'Object Repository/Page_RFID - Inventory Management System/a_Inventory' is clicked on

2023-06-18 23:29:17 - [MESSAGE][PASSED] - Object: 'Object Repository/Page_RFID - Inventory Management System/a_Inventory' is clicked on

2023-06-18 23:29:17 - [TEST_STEP][PASSED] - verifyElementText(findTestObject("Object Repository/Page_RFID - Inventory Management System/li_Inventory"), "Inventory"): Actual text and expected text of test object 'Object Repository/Page_RFID - Inventory Management System/li_Inventory' are matched.

2023-06-18 23:29:18 - [MESSAGE][PASSED] - Actual text and expected text of test object 'Object Repository/Page_RFID - Inventory Management System/li_Inventory' are matched.

2023-06-18 23:29:18 - [MESSAGE][PASSED] - Call Test Case 'Test Cases/Web App-Melihat Halaman Inventory' successfully

2023-06-18 23:29:18 - [TEST_STEP][PASSED] - click(findTestObject("Inventory Field/button_Tanggal Kontrak")): Object: 'Object Repository/Inventory Field/button_Tanggal Kontrak' is clicked on

2023-06-18 23:29:19 - [MESSAGE][PASSED] - Object: 'Object Repository/Inventory Field/button_Tanggal Kontrak' is clicked on

2023-06-18 23:29:19 - [TEST_STEP][PASSED] - click(findTestObject("Inventory Field/button_OK")): Object: 'Object Repository/Inventory Field/button_OK' is clicked on

2023-06-18 23:29:19 - [MESSAGE][PASSED] - Object: 'Object Repository/Inventory Field/button_OK' is clicked on

2023-06-18 23:29:19 - [TEST_STEP][PASSED] - click(findTestObject("Object Repository/Page_RFID - Inventory Management System/button_Cari")): Object: 'Object Repository/Page_RFID - Inventory Management System/button_Cari' is clicked on

2023-06-18 23:29:20 - [MESSAGE][PASSED] - Object: 'Object Repository/Page_RFID - Inventory Management System/button_Cari' is clicked on]]></system-out>
         <system-err><![CDATA[]]></system-err>
      </testcase>
      <system-out><![CDATA[2023-06-18 23:27:03 - [TEST_SUITE][PASSED] - Test 1: Test Cases/Web App-Search data barang jaminan berdasarkan tanggal kontrak]]></system-out>
      <system-err><![CDATA[]]></system-err>
   </testsuite>
</testsuites>
